  [1m[35m (399.5ms)[0m  [1m[35mCREATE DATABASE "eventbrite_development" ENCODING = 'unicode'[0m
  ↳ bin/rails:9
  [1m[35m (126.6ms)[0m  [1m[35mCREATE DATABASE "eventbrite_test" ENCODING = 'unicode'[0m
  ↳ bin/rails:9
  [1m[35m (81.6ms)[0m  [1m[35mCREATE TABLE "schema_migrations" ("version" character varying NOT NULL PRIMARY KEY)[0m
  ↳ bin/rails:9
  [1m[35m (50.6ms)[0m  [1m[35mCREATE TABLE "ar_internal_metadata" ("key" character varying NOT NULL PRIMARY KEY, "value" character varying, "created_at" timestamp NOT NULL, "updated_at" timestamp NOT NULL)[0m
  ↳ bin/rails:9
  [1m[35m (6.4ms)[0m  [1m[34mSELECT pg_try_advisory_lock(4712895195414035070)[0m
  ↳ bin/rails:9
  [1m[35m (1.0ms)[0m  [1m[34mSELECT "schema_migrations"."version" FROM "schema_migrations" ORDER BY "schema_migrations"."version" ASC[0m
  ↳ bin/rails:9
Migrating to CreateUsers (20191104103115)
  [1m[35m (0.3ms)[0m  [1m[35mBEGIN[0m
  ↳ bin/rails:9
  [1m[35m (51.2ms)[0m  [1m[35mCREATE TABLE "users" ("id" bigserial primary key, "email" character varying DEFAULT '' NOT NULL, "encrypted_password" character varying DEFAULT '' NOT NULL, "description" text, "first_name" character varying, "last_name" character varying, "city_id" bigint, "created_at" timestamp NOT NULL, "updated_at" timestamp NOT NULL)[0m
  ↳ db/migrate/20191104103115_create_users.rb:3
  [1m[35m (3.3ms)[0m  [1m[35mCREATE  INDEX  "index_users_on_city_id" ON "users"  ("city_id")[0m
  ↳ db/migrate/20191104103115_create_users.rb:3
  [1m[36mActiveRecord::SchemaMigration Create (0.7ms)[0m  [1m[32mINSERT INTO "schema_migrations" ("version") VALUES ($1) RETURNING "version"[0m  [["version", "20191104103115"]]
  ↳ bin/rails:9
  [1m[35m (2.3ms)[0m  [1m[35mCOMMIT[0m
  ↳ bin/rails:9
Migrating to CreateEvents (20191104143803)
  [1m[35m (43.3ms)[0m  [1m[35mBEGIN[0m
  ↳ bin/rails:9
  [1m[35m (9.7ms)[0m  [1m[35mCREATE TABLE "events" ("id" bigserial primary key, "start_date" timestamp, "duration" integer, "title" character varying, "description" text, "price" integer, "location" character varying, "admin_id" bigint, "created_at" timestamp NOT NULL, "updated_at" timestamp NOT NULL)[0m
  ↳ db/migrate/20191104143803_create_events.rb:3
  [1m[35m (3.0ms)[0m  [1m[35mCREATE  INDEX  "index_events_on_admin_id" ON "events"  ("admin_id")[0m
  ↳ db/migrate/20191104143803_create_events.rb:3
  [1m[36mActiveRecord::SchemaMigration Create (0.4ms)[0m  [1m[32mINSERT INTO "schema_migrations" ("version") VALUES ($1) RETURNING "version"[0m  [["version", "20191104143803"]]
  ↳ bin/rails:9
  [1m[35m (2.4ms)[0m  [1m[35mCOMMIT[0m
  ↳ bin/rails:9
Migrating to CreateAttendances (20191104145245)
  [1m[35m (41.0ms)[0m  [1m[35mBEGIN[0m
  ↳ bin/rails:9
  [1m[35m (9.2ms)[0m  [1m[35mCREATE TABLE "attendances" ("id" bigserial primary key, "stripe_customer_id" character varying, "user_id" bigint, "event_id" bigint, "created_at" timestamp NOT NULL, "updated_at" timestamp NOT NULL)[0m
  ↳ db/migrate/20191104145245_create_attendances.rb:3
  [1m[35m (3.6ms)[0m  [1m[35mCREATE  INDEX  "index_attendances_on_user_id" ON "attendances"  ("user_id")[0m
  ↳ db/migrate/20191104145245_create_attendances.rb:3
  [1m[35m (3.3ms)[0m  [1m[35mCREATE  INDEX  "index_attendances_on_event_id" ON "attendances"  ("event_id")[0m
  ↳ db/migrate/20191104145245_create_attendances.rb:3
  [1m[36mActiveRecord::SchemaMigration Create (0.4ms)[0m  [1m[32mINSERT INTO "schema_migrations" ("version") VALUES ($1) RETURNING "version"[0m  [["version", "20191104145245"]]
  ↳ bin/rails:9
  [1m[35m (2.2ms)[0m  [1m[35mCOMMIT[0m
  ↳ bin/rails:9
Migrating to AddDeviseToUsers (20191105070311)
  [1m[35m (40.8ms)[0m  [1m[35mBEGIN[0m
  ↳ bin/rails:9
  [1m[35m (2.8ms)[0m  [1m[35mALTER TABLE "users" ADD "reset_password_token" character varying[0m
  ↳ db/migrate/20191105070311_add_devise_to_users.rb:11
  [1m[35m (0.4ms)[0m  [1m[35mALTER TABLE "users" ADD "reset_password_sent_at" timestamp[0m
  ↳ db/migrate/20191105070311_add_devise_to_users.rb:12
  [1m[35m (0.4ms)[0m  [1m[35mALTER TABLE "users" ADD "remember_created_at" timestamp[0m
  ↳ db/migrate/20191105070311_add_devise_to_users.rb:15
  [1m[35m (3.3ms)[0m  [1m[35mCREATE UNIQUE INDEX  "index_users_on_email" ON "users"  ("email")[0m
  ↳ db/migrate/20191105070311_add_devise_to_users.rb:40
  [1m[35m (2.9ms)[0m  [1m[35mCREATE UNIQUE INDEX  "index_users_on_reset_password_token" ON "users"  ("reset_password_token")[0m
  ↳ db/migrate/20191105070311_add_devise_to_users.rb:41
  [1m[36mActiveRecord::SchemaMigration Create (0.4ms)[0m  [1m[32mINSERT INTO "schema_migrations" ("version") VALUES ($1) RETURNING "version"[0m  [["version", "20191105070311"]]
  ↳ bin/rails:9
  [1m[35m (2.3ms)[0m  [1m[35mCOMMIT[0m
  ↳ bin/rails:9
  [1m[36mActiveRecord::InternalMetadata Load (0.5ms)[0m  [1m[34mSELECT  "ar_internal_metadata".* FROM "ar_internal_metadata" WHERE "ar_internal_metadata"."key" = $1 LIMIT $2[0m  [["key", "environment"], ["LIMIT", 1]]
  ↳ bin/rails:9
  [1m[35m (0.2ms)[0m  [1m[35mBEGIN[0m
  ↳ bin/rails:9
  [1m[36mActiveRecord::InternalMetadata Create (0.5ms)[0m  [1m[32mINSERT INTO "ar_internal_metadata" ("key", "value", "created_at", "updated_at") VALUES ($1, $2, $3, $4) RETURNING "key"[0m  [["key", "environment"], ["value", "development"], ["created_at", "2020-05-12 16:03:09.179006"], ["updated_at", "2020-05-12 16:03:09.179006"]]
  ↳ bin/rails:9
  [1m[35m (41.5ms)[0m  [1m[35mCOMMIT[0m
  ↳ bin/rails:9
  [1m[35m (0.4ms)[0m  [1m[34mSELECT pg_advisory_unlock(4712895195414035070)[0m
  ↳ bin/rails:9
  [1m[35m (0.4ms)[0m  [1m[34mSELECT "schema_migrations"."version" FROM "schema_migrations" ORDER BY "schema_migrations"."version" ASC[0m
  ↳ bin/rails:9
  [1m[35m (0.7ms)[0m  [1m[34mSELECT "schema_migrations"."version" FROM "schema_migrations" ORDER BY "schema_migrations"."version" ASC[0m
  ↳ bin/rails:9
  [1m[35m (1.6ms)[0m  [1m[34mSELECT COUNT(*) FROM "users"[0m
  ↳ db/seeds.rb:3
  [1m[35m (0.2ms)[0m  [1m[35mBEGIN[0m
  ↳ db/seeds.rb:6
  [1m[36mUser Exists (0.5ms)[0m  [1m[34mSELECT  1 AS one FROM "users" WHERE "users"."email" = $1 LIMIT $2[0m  [["email", "henri0@yopmail.com"], ["LIMIT", 1]]
  ↳ db/seeds.rb:6
  [1m[36mUser Exists (0.3ms)[0m  [1m[34mSELECT  1 AS one FROM "users" WHERE "users"."email" = $1 LIMIT $2[0m  [["email", "henri0@yopmail.com"], ["LIMIT", 1]]
  ↳ db/seeds.rb:6
  [1m[36mUser Create (1.0ms)[0m  [1m[32mINSERT INTO "users" ("email", "encrypted_password", "description", "first_name", "last_name", "created_at", "updated_at") VALUES ($1, $2, $3, $4, $5, $6, $7) RETURNING "id"[0m  [["email", "henri0@yopmail.com"], ["encrypted_password", "$2a$11$7FBdTdOISjF9tJNX.WOQtu3JOPfqKbCUbZ8nol4g7c.Z5s28quk4y"], ["description", "I want your bunk!"], ["first_name", "Galen"], ["last_name", "O'Hara"], ["created_at", "2020-05-12 16:03:24.034071"], ["updated_at", "2020-05-12 16:03:24.034071"]]
  ↳ db/seeds.rb:6
  Rendering user_mailer/welcome_email.html.erb within layouts/mailer
  Rendered user_mailer/welcome_email.html.erb within layouts/mailer (4.1ms)
  Rendering user_mailer/welcome_email.text.erb within layouts/mailer
  Rendered user_mailer/welcome_email.text.erb within layouts/mailer (0.7ms)
UserMailer#welcome_email: processed outbound mail in 381.5ms
Sent mail to henri0@yopmail.com (2976.6ms)
Date: Tue, 12 May 2020 19:03:24 +0300
From: david@monsite.co
To: henri0@yopmail.com
Message-ID: <5ebac8cc7165c_104ca3fc794c32e5426485@macdeMacBook-Air.local.mail>
Subject: Bienvenue chez nous !
Mime-Version: 1.0
Content-Type: multipart/alternative;
 boundary="--==_mimepart_5ebac8cc6b05f_104ca3fc794c32e5426394";
 charset=UTF-8
Content-Transfer-Encoding: 7bit


----==_mimepart_5ebac8cc6b05f_104ca3fc794c32e5426394
Content-Type: text/plain;
 charset=UTF-8
Content-Transfer-Encoding: base64

U2FsdXQgR2FsZW4gZXQgYmllbnZlbnVlIGNoZXogbm91cyAhDQo9PT09PT09
PT09PT09PT09PT09PT09PT09PT09PT09PT09PT09PT09PT09PT09PT09PT09
PT09PT09DQogDQpUdSB0J2VzIGluc2NyaXQgc3VyIG1vbnNpdGUuZnIgZW4g
dXRpbGlzYW50IGwnZS1tYWlsIHN1aXZhbnQgOiBoZW5yaTBAeW9wbWFpbC5j
b20uDQogDQpQb3VyIGFjY8OpZGVyIMOgIHRvbiBlc3BhY2UgY2xpZW50LCBj
b25uZWN0ZS10b2kgdmlhIDogaHR0cHM6Ly9tb25zaXRlLmNvbS8uDQogDQrD
gCB0csOocyB2aXRlIHN1ciBtb25zaXRlLmZyICENCg==

----==_mimepart_5ebac8cc6b05f_104ca3fc794c32e5426394
Content-Type: text/html;
 charset=UTF-8
Content-Transfer-Encoding: quoted-printable

<!DOCTYPE html>=0D
<html>=0D
  <head>=0D
    <meta http-equiv=3D"Content-Type" content=3D"text/html; charset=3Dutf=
-8" />=0D
    <style>=0D
      /* Email styles need to be inline */=0D
    </style>=0D
  </head>=0D
=0D
  <body>=0D
    <!DOCTYPE html>=0D
<html>=0D
  <head>=0D
    <meta content=3D'text/html; charset=3DUTF-8' http-equiv=3D'Content-Ty=
pe' />=0D
  </head>=0D
  <body>=0D
    <h1>Salut Galen et bienvenue chez nous !</h1>=0D
    <p>=0D
      Tu t'es inscrit sur monsite.fr en utilisant l'e-mail suivant : henr=
i0@yopmail.com.=0D
    </p>=0D
    <p>=0D
      Pour acc=C3=A9der =C3=A0 ton espace client, connecte-toi via : http=
s://monsite.com/.=0D
    </p>=0D
    <p> =C3=80 tr=C3=A8s vite sur monsite.fr !=0D
  </body>=0D
</html>=0D
  </body>=0D
</html>=0D

----==_mimepart_5ebac8cc6b05f_104ca3fc794c32e5426394--

  [1m[35m (2.6ms)[0m  [1m[35mCOMMIT[0m
  ↳ db/seeds.rb:6
  [1m[35m (0.2ms)[0m  [1m[35mBEGIN[0m
  ↳ db/seeds.rb:6
  [1m[36mUser Exists (0.4ms)[0m  [1m[34mSELECT  1 AS one FROM "users" WHERE "users"."email" = $1 LIMIT $2[0m  [["email", "henri1@yopmail.com"], ["LIMIT", 1]]
  ↳ db/seeds.rb:6
  [1m[36mUser Exists (0.3ms)[0m  [1m[34mSELECT  1 AS one FROM "users" WHERE "users"."email" = $1 LIMIT $2[0m  [["email", "henri1@yopmail.com"], ["LIMIT", 1]]
  ↳ db/seeds.rb:6
  [1m[36mUser Create (0.3ms)[0m  [1m[32mINSERT INTO "users" ("email", "encrypted_password", "description", "first_name", "last_name", "created_at", "updated_at") VALUES ($1, $2, $3, $4, $5, $6, $7) RETURNING "id"[0m  [["email", "henri1@yopmail.com"], ["encrypted_password", "$2a$11$87ZTXQn6phCgRvU1sOMtIOTQF4bBHuOCIWfXzXWdjx8mpvrvgaTWG"], ["description", "I don't know."], ["first_name", "Donnetta"], ["last_name", "Ankunding"], ["created_at", "2020-05-12 16:03:27.572702"], ["updated_at", "2020-05-12 16:03:27.572702"]]
  ↳ db/seeds.rb:6
  Rendering user_mailer/welcome_email.html.erb within layouts/mailer
  Rendered user_mailer/welcome_email.html.erb within layouts/mailer (0.1ms)
  Rendering user_mailer/welcome_email.text.erb within layouts/mailer
  Rendered user_mailer/welcome_email.text.erb within layouts/mailer (0.0ms)
UserMailer#welcome_email: processed outbound mail in 33.0ms
Sent mail to henri1@yopmail.com (2691.0ms)
Date: Tue, 12 May 2020 19:03:27 +0300
From: david@monsite.co
To: henri1@yopmail.com
Message-ID: <5ebac8cf9491a_104ca3fc794c32e5426640@macdeMacBook-Air.local.mail>
Subject: Bienvenue chez nous !
Mime-Version: 1.0
Content-Type: multipart/alternative;
 boundary="--==_mimepart_5ebac8cf92dc9_104ca3fc794c32e54265a9";
 charset=UTF-8
Content-Transfer-Encoding: 7bit


----==_mimepart_5ebac8cf92dc9_104ca3fc794c32e54265a9
Content-Type: text/plain;
 charset=UTF-8
Content-Transfer-Encoding: base64

U2FsdXQgRG9ubmV0dGEgZXQgYmllbnZlbnVlIGNoZXogbm91cyAhDQo9PT09
PT09PT09PT09PT09PT09PT09PT09PT09PT09PT09PT09PT09PT09PT09PT09
PT09PT09PT09DQogDQpUdSB0J2VzIGluc2NyaXQgc3VyIG1vbnNpdGUuZnIg
ZW4gdXRpbGlzYW50IGwnZS1tYWlsIHN1aXZhbnQgOiBoZW5yaTFAeW9wbWFp
bC5jb20uDQogDQpQb3VyIGFjY8OpZGVyIMOgIHRvbiBlc3BhY2UgY2xpZW50
LCBjb25uZWN0ZS10b2kgdmlhIDogaHR0cHM6Ly9tb25zaXRlLmNvbS8uDQog
DQrDgCB0csOocyB2aXRlIHN1ciBtb25zaXRlLmZyICENCg==

----==_mimepart_5ebac8cf92dc9_104ca3fc794c32e54265a9
Content-Type: text/html;
 charset=UTF-8
Content-Transfer-Encoding: quoted-printable

<!DOCTYPE html>=0D
<html>=0D
  <head>=0D
    <meta http-equiv=3D"Content-Type" content=3D"text/html; charset=3Dutf=
-8" />=0D
    <style>=0D
      /* Email styles need to be inline */=0D
    </style>=0D
  </head>=0D
=0D
  <body>=0D
    <!DOCTYPE html>=0D
<html>=0D
  <head>=0D
    <meta content=3D'text/html; charset=3DUTF-8' http-equiv=3D'Content-Ty=
pe' />=0D
  </head>=0D
  <body>=0D
    <h1>Salut Donnetta et bienvenue chez nous !</h1>=0D
    <p>=0D
      Tu t'es inscrit sur monsite.fr en utilisant l'e-mail suivant : henr=
i1@yopmail.com.=0D
    </p>=0D
    <p>=0D
      Pour acc=C3=A9der =C3=A0 ton espace client, connecte-toi via : http=
s://monsite.com/.=0D
    </p>=0D
    <p> =C3=80 tr=C3=A8s vite sur monsite.fr !=0D
  </body>=0D
</html>=0D
  </body>=0D
</html>=0D

----==_mimepart_5ebac8cf92dc9_104ca3fc794c32e54265a9--

  [1m[35m (2.4ms)[0m  [1m[35mCOMMIT[0m
  ↳ db/seeds.rb:6
  [1m[35m (0.2ms)[0m  [1m[35mBEGIN[0m
  ↳ db/seeds.rb:6
  [1m[36mUser Exists (0.3ms)[0m  [1m[34mSELECT  1 AS one FROM "users" WHERE "users"."email" = $1 LIMIT $2[0m  [["email", "henri2@yopmail.com"], ["LIMIT", 1]]
  ↳ db/seeds.rb:6
  [1m[36mUser Exists (0.3ms)[0m  [1m[34mSELECT  1 AS one FROM "users" WHERE "users"."email" = $1 LIMIT $2[0m  [["email", "henri2@yopmail.com"], ["LIMIT", 1]]
  ↳ db/seeds.rb:6
  [1m[36mUser Create (0.3ms)[0m  [1m[32mINSERT INTO "users" ("email", "encrypted_password", "description", "first_name", "last_name", "created_at", "updated_at") VALUES ($1, $2, $3, $4, $5, $6, $7) RETURNING "id"[0m  [["email", "henri2@yopmail.com"], ["encrypted_password", "$2a$11$WZ7a6AlNfizDWfxhUyH2wOtsop0ldbpQ3ivjM6mEAoAjJf3c2PXh."], ["description", "It's stopped."], ["first_name", "Maya"], ["last_name", "Morar"], ["created_at", "2020-05-12 16:03:30.450071"], ["updated_at", "2020-05-12 16:03:30.450071"]]
  ↳ db/seeds.rb:6
  Rendering user_mailer/welcome_email.html.erb within layouts/mailer
  Rendered user_mailer/welcome_email.html.erb within layouts/mailer (0.1ms)
  Rendering user_mailer/welcome_email.text.erb within layouts/mailer
  Rendered user_mailer/welcome_email.text.erb within layouts/mailer (0.0ms)
UserMailer#welcome_email: processed outbound mail in 33.0ms
Sent mail to henri2@yopmail.com (2251.4ms)
Date: Tue, 12 May 2020 19:03:30 +0300
From: david@monsite.co
To: henri2@yopmail.com
Message-ID: <5ebac8d276990_104ca3fc794c32e54268eb@macdeMacBook-Air.local.mail>
Subject: Bienvenue chez nous !
Mime-Version: 1.0
Content-Type: multipart/alternative;
 boundary="--==_mimepart_5ebac8d2752f0_104ca3fc794c32e54267e2";
 charset=UTF-8
Content-Transfer-Encoding: 7bit


----==_mimepart_5ebac8d2752f0_104ca3fc794c32e54267e2
Content-Type: text/plain;
 charset=UTF-8
Content-Transfer-Encoding: base64

U2FsdXQgTWF5YSBldCBiaWVudmVudWUgY2hleiBub3VzICENCj09PT09PT09
PT09PT09PT09PT09PT09PT09PT09PT09PT09PT09PT09PT09PT09PT09PT09
PT09PT0NCiANClR1IHQnZXMgaW5zY3JpdCBzdXIgbW9uc2l0ZS5mciBlbiB1
dGlsaXNhbnQgbCdlLW1haWwgc3VpdmFudCA6IGhlbnJpMkB5b3BtYWlsLmNv
bS4NCiANClBvdXIgYWNjw6lkZXIgw6AgdG9uIGVzcGFjZSBjbGllbnQsIGNv
bm5lY3RlLXRvaSB2aWEgOiBodHRwczovL21vbnNpdGUuY29tLy4NCiANCsOA
IHRyw6hzIHZpdGUgc3VyIG1vbnNpdGUuZnIgIQ0K

----==_mimepart_5ebac8d2752f0_104ca3fc794c32e54267e2
Content-Type: text/html;
 charset=UTF-8
Content-Transfer-Encoding: quoted-printable

<!DOCTYPE html>=0D
<html>=0D
  <head>=0D
    <meta http-equiv=3D"Content-Type" content=3D"text/html; charset=3Dutf=
-8" />=0D
    <style>=0D
      /* Email styles need to be inline */=0D
    </style>=0D
  </head>=0D
=0D
  <body>=0D
    <!DOCTYPE html>=0D
<html>=0D
  <head>=0D
    <meta content=3D'text/html; charset=3DUTF-8' http-equiv=3D'Content-Ty=
pe' />=0D
  </head>=0D
  <body>=0D
    <h1>Salut Maya et bienvenue chez nous !</h1>=0D
    <p>=0D
      Tu t'es inscrit sur monsite.fr en utilisant l'e-mail suivant : henr=
i2@yopmail.com.=0D
    </p>=0D
    <p>=0D
      Pour acc=C3=A9der =C3=A0 ton espace client, connecte-toi via : http=
s://monsite.com/.=0D
    </p>=0D
    <p> =C3=80 tr=C3=A8s vite sur monsite.fr !=0D
  </body>=0D
</html>=0D
  </body>=0D
</html>=0D

----==_mimepart_5ebac8d2752f0_104ca3fc794c32e54267e2--

  [1m[35m (3.4ms)[0m  [1m[35mCOMMIT[0m
  ↳ db/seeds.rb:6
  [1m[35m (0.2ms)[0m  [1m[35mBEGIN[0m
  ↳ db/seeds.rb:6
  [1m[36mUser Exists (0.3ms)[0m  [1m[34mSELECT  1 AS one FROM "users" WHERE "users"."email" = $1 LIMIT $2[0m  [["email", "henri3@yopmail.com"], ["LIMIT", 1]]
  ↳ db/seeds.rb:6
  [1m[36mUser Exists (0.3ms)[0m  [1m[34mSELECT  1 AS one FROM "users" WHERE "users"."email" = $1 LIMIT $2[0m  [["email", "henri3@yopmail.com"], ["LIMIT", 1]]
  ↳ db/seeds.rb:6
  [1m[36mUser Create (0.3ms)[0m  [1m[32mINSERT INTO "users" ("email", "encrypted_password", "description", "first_name", "last_name", "created_at", "updated_at") VALUES ($1, $2, $3, $4, $5, $6, $7) RETURNING "id"[0m  [["email", "henri3@yopmail.com"], ["encrypted_password", "$2a$11$KExhFCGIMQiXjOPLbnXV4OKpVzUwyeR8.IXnIu32pO3oFZMUpiFRm"], ["description", "One! Two! Three!"], ["first_name", "Ernie"], ["last_name", "Walker"], ["created_at", "2020-05-12 16:03:32.892271"], ["updated_at", "2020-05-12 16:03:32.892271"]]
  ↳ db/seeds.rb:6
  Rendering user_mailer/welcome_email.html.erb within layouts/mailer
  Rendered user_mailer/welcome_email.html.erb within layouts/mailer (0.1ms)
  Rendering user_mailer/welcome_email.text.erb within layouts/mailer
  Rendered user_mailer/welcome_email.text.erb within layouts/mailer (0.0ms)
UserMailer#welcome_email: processed outbound mail in 31.3ms
Sent mail to henri3@yopmail.com (1847.3ms)
Date: Tue, 12 May 2020 19:03:32 +0300
From: david@monsite.co
To: henri3@yopmail.com
Message-ID: <5ebac8d4e221d_104ca3fc794c32e54270d9@macdeMacBook-Air.local.mail>
Subject: Bienvenue chez nous !
Mime-Version: 1.0
Content-Type: multipart/alternative;
 boundary="--==_mimepart_5ebac8d4e0d8d_104ca3fc794c32e5426987";
 charset=UTF-8
Content-Transfer-Encoding: 7bit


----==_mimepart_5ebac8d4e0d8d_104ca3fc794c32e5426987
Content-Type: text/plain;
 charset=UTF-8
Content-Transfer-Encoding: base64

U2FsdXQgRXJuaWUgZXQgYmllbnZlbnVlIGNoZXogbm91cyAhDQo9PT09PT09
PT09PT09PT09PT09PT09PT09PT09PT09PT09PT09PT09PT09PT09PT09PT09
PT09PT09DQogDQpUdSB0J2VzIGluc2NyaXQgc3VyIG1vbnNpdGUuZnIgZW4g
dXRpbGlzYW50IGwnZS1tYWlsIHN1aXZhbnQgOiBoZW5yaTNAeW9wbWFpbC5j
b20uDQogDQpQb3VyIGFjY8OpZGVyIMOgIHRvbiBlc3BhY2UgY2xpZW50LCBj
b25uZWN0ZS10b2kgdmlhIDogaHR0cHM6Ly9tb25zaXRlLmNvbS8uDQogDQrD
gCB0csOocyB2aXRlIHN1ciBtb25zaXRlLmZyICENCg==

----==_mimepart_5ebac8d4e0d8d_104ca3fc794c32e5426987
Content-Type: text/html;
 charset=UTF-8
Content-Transfer-Encoding: quoted-printable

<!DOCTYPE html>=0D
<html>=0D
  <head>=0D
    <meta http-equiv=3D"Content-Type" content=3D"text/html; charset=3Dutf=
-8" />=0D
    <style>=0D
      /* Email styles need to be inline */=0D
    </style>=0D
  </head>=0D
=0D
  <body>=0D
    <!DOCTYPE html>=0D
<html>=0D
  <head>=0D
    <meta content=3D'text/html; charset=3DUTF-8' http-equiv=3D'Content-Ty=
pe' />=0D
  </head>=0D
  <body>=0D
    <h1>Salut Ernie et bienvenue chez nous !</h1>=0D
    <p>=0D
      Tu t'es inscrit sur monsite.fr en utilisant l'e-mail suivant : henr=
i3@yopmail.com.=0D
    </p>=0D
    <p>=0D
      Pour acc=C3=A9der =C3=A0 ton espace client, connecte-toi via : http=
s://monsite.com/.=0D
    </p>=0D
    <p> =C3=80 tr=C3=A8s vite sur monsite.fr !=0D
  </body>=0D
</html>=0D
  </body>=0D
</html>=0D

----==_mimepart_5ebac8d4e0d8d_104ca3fc794c32e5426987--

  [1m[35m (2.4ms)[0m  [1m[35mCOMMIT[0m
  ↳ db/seeds.rb:6
  [1m[35m (0.2ms)[0m  [1m[35mBEGIN[0m
  ↳ db/seeds.rb:6
  [1m[36mUser Exists (0.3ms)[0m  [1m[34mSELECT  1 AS one FROM "users" WHERE "users"."email" = $1 LIMIT $2[0m  [["email", "henri4@yopmail.com"], ["LIMIT", 1]]
  ↳ db/seeds.rb:6
  [1m[36mUser Exists (0.3ms)[0m  [1m[34mSELECT  1 AS one FROM "users" WHERE "users"."email" = $1 LIMIT $2[0m  [["email", "henri4@yopmail.com"], ["LIMIT", 1]]
  ↳ db/seeds.rb:6
  [1m[36mUser Create (0.3ms)[0m  [1m[32mINSERT INTO "users" ("email", "encrypted_password", "description", "first_name", "last_name", "created_at", "updated_at") VALUES ($1, $2, $3, $4, $5, $6, $7) RETURNING "id"[0m  [["email", "henri4@yopmail.com"], ["encrypted_password", "$2a$11$vL8ANe4s8.gZaeVaGPCKGuFvn7x.g.iWqX9HxswsZzVLhOnYfOIJm"], ["description", "My vocabulary did this to me. Your love will let you go on…"], ["first_name", "Nathaniel"], ["last_name", "Berge"], ["created_at", "2020-05-12 16:03:34.926030"], ["updated_at", "2020-05-12 16:03:34.926030"]]
  ↳ db/seeds.rb:6
  Rendering user_mailer/welcome_email.html.erb within layouts/mailer
  Rendered user_mailer/welcome_email.html.erb within layouts/mailer (0.1ms)
  Rendering user_mailer/welcome_email.text.erb within layouts/mailer
  Rendered user_mailer/welcome_email.text.erb within layouts/mailer (0.0ms)
UserMailer#welcome_email: processed outbound mail in 32.0ms
Sent mail to henri4@yopmail.com (2970.2ms)
Date: Tue, 12 May 2020 19:03:34 +0300
From: david@monsite.co
To: henri4@yopmail.com
Message-ID: <5ebac8d6eb284_104ca3fc794c32e5427294@macdeMacBook-Air.local.mail>
Subject: Bienvenue chez nous !
Mime-Version: 1.0
Content-Type: multipart/alternative;
 boundary="--==_mimepart_5ebac8d6e9d78_104ca3fc794c32e542716";
 charset=UTF-8
Content-Transfer-Encoding: 7bit


----==_mimepart_5ebac8d6e9d78_104ca3fc794c32e542716
Content-Type: text/plain;
 charset=UTF-8
Content-Transfer-Encoding: base64

U2FsdXQgTmF0aGFuaWVsIGV0IGJpZW52ZW51ZSBjaGV6IG5vdXMgIQ0KPT09
PT09PT09PT09PT09PT09PT09PT09PT09PT09PT09PT09PT09PT09PT09PT09
PT09PT09PT09PQ0KIA0KVHUgdCdlcyBpbnNjcml0IHN1ciBtb25zaXRlLmZy
IGVuIHV0aWxpc2FudCBsJ2UtbWFpbCBzdWl2YW50IDogaGVucmk0QHlvcG1h
aWwuY29tLg0KIA0KUG91ciBhY2PDqWRlciDDoCB0b24gZXNwYWNlIGNsaWVu
dCwgY29ubmVjdGUtdG9pIHZpYSA6IGh0dHBzOi8vbW9uc2l0ZS5jb20vLg0K
IA0Kw4AgdHLDqHMgdml0ZSBzdXIgbW9uc2l0ZS5mciAhDQo=

----==_mimepart_5ebac8d6e9d78_104ca3fc794c32e542716
Content-Type: text/html;
 charset=UTF-8
Content-Transfer-Encoding: quoted-printable

<!DOCTYPE html>=0D
<html>=0D
  <head>=0D
    <meta http-equiv=3D"Content-Type" content=3D"text/html; charset=3Dutf=
-8" />=0D
    <style>=0D
      /* Email styles need to be inline */=0D
    </style>=0D
  </head>=0D
=0D
  <body>=0D
    <!DOCTYPE html>=0D
<html>=0D
  <head>=0D
    <meta content=3D'text/html; charset=3DUTF-8' http-equiv=3D'Content-Ty=
pe' />=0D
  </head>=0D
  <body>=0D
    <h1>Salut Nathaniel et bienvenue chez nous !</h1>=0D
    <p>=0D
      Tu t'es inscrit sur monsite.fr en utilisant l'e-mail suivant : henr=
i4@yopmail.com.=0D
    </p>=0D
    <p>=0D
      Pour acc=C3=A9der =C3=A0 ton espace client, connecte-toi via : http=
s://monsite.com/.=0D
    </p>=0D
    <p> =C3=80 tr=C3=A8s vite sur monsite.fr !=0D
  </body>=0D
</html>=0D
  </body>=0D
</html>=0D

----==_mimepart_5ebac8d6e9d78_104ca3fc794c32e542716--

  [1m[35m (2.4ms)[0m  [1m[35mCOMMIT[0m
  ↳ db/seeds.rb:6
  [1m[35m (0.2ms)[0m  [1m[35mBEGIN[0m
  ↳ db/seeds.rb:6
  [1m[36mUser Exists (0.3ms)[0m  [1m[34mSELECT  1 AS one FROM "users" WHERE "users"."email" = $1 LIMIT $2[0m  [["email", "henri5@yopmail.com"], ["LIMIT", 1]]
  ↳ db/seeds.rb:6
  [1m[36mUser Exists (0.3ms)[0m  [1m[34mSELECT  1 AS one FROM "users" WHERE "users"."email" = $1 LIMIT $2[0m  [["email", "henri5@yopmail.com"], ["LIMIT", 1]]
  ↳ db/seeds.rb:6
  [1m[36mUser Create (0.3ms)[0m  [1m[32mINSERT INTO "users" ("email", "encrypted_password", "description", "first_name", "last_name", "created_at", "updated_at") VALUES ($1, $2, $3, $4, $5, $6, $7) RETURNING "id"[0m  [["email", "henri5@yopmail.com"], ["encrypted_password", "$2a$11$FDzl0pOa4wfJzKqW0yia3eDY4WRl45oE1SzlefSb9JAz6QoLxs8jC"], ["description", "I don't think they even heard me."], ["first_name", "Dante"], ["last_name", "Hirthe"], ["created_at", "2020-05-12 16:03:38.085224"], ["updated_at", "2020-05-12 16:03:38.085224"]]
  ↳ db/seeds.rb:6
  Rendering user_mailer/welcome_email.html.erb within layouts/mailer
  Rendered user_mailer/welcome_email.html.erb within layouts/mailer (0.1ms)
  Rendering user_mailer/welcome_email.text.erb within layouts/mailer
  Rendered user_mailer/welcome_email.text.erb within layouts/mailer (0.0ms)
UserMailer#welcome_email: processed outbound mail in 32.0ms
Sent mail to henri5@yopmail.com (2179.8ms)
Date: Tue, 12 May 2020 19:03:38 +0300
From: david@monsite.co
To: henri5@yopmail.com
Message-ID: <5ebac8da1d3f8_104ca3fc794c32e54274e2@macdeMacBook-Air.local.mail>
Subject: Bienvenue chez nous !
Mime-Version: 1.0
Content-Type: multipart/alternative;
 boundary="--==_mimepart_5ebac8da1be46_104ca3fc794c32e54273b4";
 charset=UTF-8
Content-Transfer-Encoding: 7bit


----==_mimepart_5ebac8da1be46_104ca3fc794c32e54273b4
Content-Type: text/plain;
 charset=UTF-8
Content-Transfer-Encoding: base64

U2FsdXQgRGFudGUgZXQgYmllbnZlbnVlIGNoZXogbm91cyAhDQo9PT09PT09
PT09PT09PT09PT09PT09PT09PT09PT09PT09PT09PT09PT09PT09PT09PT09
PT09PT09DQogDQpUdSB0J2VzIGluc2NyaXQgc3VyIG1vbnNpdGUuZnIgZW4g
dXRpbGlzYW50IGwnZS1tYWlsIHN1aXZhbnQgOiBoZW5yaTVAeW9wbWFpbC5j
b20uDQogDQpQb3VyIGFjY8OpZGVyIMOgIHRvbiBlc3BhY2UgY2xpZW50LCBj
b25uZWN0ZS10b2kgdmlhIDogaHR0cHM6Ly9tb25zaXRlLmNvbS8uDQogDQrD
gCB0csOocyB2aXRlIHN1ciBtb25zaXRlLmZyICENCg==

----==_mimepart_5ebac8da1be46_104ca3fc794c32e54273b4
Content-Type: text/html;
 charset=UTF-8
Content-Transfer-Encoding: quoted-printable

<!DOCTYPE html>=0D
<html>=0D
  <head>=0D
    <meta http-equiv=3D"Content-Type" content=3D"text/html; charset=3Dutf=
-8" />=0D
    <style>=0D
      /* Email styles need to be inline */=0D
    </style>=0D
  </head>=0D
=0D
  <body>=0D
    <!DOCTYPE html>=0D
<html>=0D
  <head>=0D
    <meta content=3D'text/html; charset=3DUTF-8' http-equiv=3D'Content-Ty=
pe' />=0D
  </head>=0D
  <body>=0D
    <h1>Salut Dante et bienvenue chez nous !</h1>=0D
    <p>=0D
      Tu t'es inscrit sur monsite.fr en utilisant l'e-mail suivant : henr=
i5@yopmail.com.=0D
    </p>=0D
    <p>=0D
      Pour acc=C3=A9der =C3=A0 ton espace client, connecte-toi via : http=
s://monsite.com/.=0D
    </p>=0D
    <p> =C3=80 tr=C3=A8s vite sur monsite.fr !=0D
  </body>=0D
</html>=0D
  </body>=0D
</html>=0D

----==_mimepart_5ebac8da1be46_104ca3fc794c32e54273b4--

  [1m[35m (2.4ms)[0m  [1m[35mCOMMIT[0m
  ↳ db/seeds.rb:6
  [1m[35m (0.2ms)[0m  [1m[35mBEGIN[0m
  ↳ db/seeds.rb:6
  [1m[36mUser Exists (0.3ms)[0m  [1m[34mSELECT  1 AS one FROM "users" WHERE "users"."email" = $1 LIMIT $2[0m  [["email", "henri6@yopmail.com"], ["LIMIT", 1]]
  ↳ db/seeds.rb:6
  [1m[36mUser Exists (0.3ms)[0m  [1m[34mSELECT  1 AS one FROM "users" WHERE "users"."email" = $1 LIMIT $2[0m  [["email", "henri6@yopmail.com"], ["LIMIT", 1]]
  ↳ db/seeds.rb:6
  [1m[36mUser Create (0.3ms)[0m  [1m[32mINSERT INTO "users" ("email", "encrypted_password", "description", "first_name", "last_name", "created_at", "updated_at") VALUES ($1, $2, $3, $4, $5, $6, $7) RETURNING "id"[0m  [["email", "henri6@yopmail.com"], ["encrypted_password", "$2a$11$41FsckNsI8fB5AUtm.eidu1AaZFgCUKw40.erpxhK979rUhgFoUtO"], ["description", "I want to go home."], ["first_name", "Asa"], ["last_name", "McKenzie"], ["created_at", "2020-05-12 16:03:40.449909"], ["updated_at", "2020-05-12 16:03:40.449909"]]
  ↳ db/seeds.rb:6
  Rendering user_mailer/welcome_email.html.erb within layouts/mailer
  Rendered user_mailer/welcome_email.html.erb within layouts/mailer (0.1ms)
  Rendering user_mailer/welcome_email.text.erb within layouts/mailer
  Rendered user_mailer/welcome_email.text.erb within layouts/mailer (0.0ms)
UserMailer#welcome_email: processed outbound mail in 34.1ms
Sent mail to henri6@yopmail.com (2458.2ms)
Date: Tue, 12 May 2020 19:03:40 +0300
From: david@monsite.co
To: henri6@yopmail.com
Message-ID: <5ebac8dc76d8a_104ca3fc794c32e542767d@macdeMacBook-Air.local.mail>
Subject: Bienvenue chez nous !
Mime-Version: 1.0
Content-Type: multipart/alternative;
 boundary="--==_mimepart_5ebac8dc74c17_104ca3fc794c32e542757c";
 charset=UTF-8
Content-Transfer-Encoding: 7bit


----==_mimepart_5ebac8dc74c17_104ca3fc794c32e542757c
Content-Type: text/plain;
 charset=UTF-8
Content-Transfer-Encoding: base64

U2FsdXQgQXNhIGV0IGJpZW52ZW51ZSBjaGV6IG5vdXMgIQ0KPT09PT09PT09
PT09PT09PT09PT09PT09PT09PT09PT09PT09PT09PT09PT09PT09PT09PT09
PT09PQ0KIA0KVHUgdCdlcyBpbnNjcml0IHN1ciBtb25zaXRlLmZyIGVuIHV0
aWxpc2FudCBsJ2UtbWFpbCBzdWl2YW50IDogaGVucmk2QHlvcG1haWwuY29t
Lg0KIA0KUG91ciBhY2PDqWRlciDDoCB0b24gZXNwYWNlIGNsaWVudCwgY29u
bmVjdGUtdG9pIHZpYSA6IGh0dHBzOi8vbW9uc2l0ZS5jb20vLg0KIA0Kw4Ag
dHLDqHMgdml0ZSBzdXIgbW9uc2l0ZS5mciAhDQo=

----==_mimepart_5ebac8dc74c17_104ca3fc794c32e542757c
Content-Type: text/html;
 charset=UTF-8
Content-Transfer-Encoding: quoted-printable

<!DOCTYPE html>=0D
<html>=0D
  <head>=0D
    <meta http-equiv=3D"Content-Type" content=3D"text/html; charset=3Dutf=
-8" />=0D
    <style>=0D
      /* Email styles need to be inline */=0D
    </style>=0D
  </head>=0D
=0D
  <body>=0D
    <!DOCTYPE html>=0D
<html>=0D
  <head>=0D
    <meta content=3D'text/html; charset=3DUTF-8' http-equiv=3D'Content-Ty=
pe' />=0D
  </head>=0D
  <body>=0D
    <h1>Salut Asa et bienvenue chez nous !</h1>=0D
    <p>=0D
      Tu t'es inscrit sur monsite.fr en utilisant l'e-mail suivant : henr=
i6@yopmail.com.=0D
    </p>=0D
    <p>=0D
      Pour acc=C3=A9der =C3=A0 ton espace client, connecte-toi via : http=
s://monsite.com/.=0D
    </p>=0D
    <p> =C3=80 tr=C3=A8s vite sur monsite.fr !=0D
  </body>=0D
</html>=0D
  </body>=0D
</html>=0D

----==_mimepart_5ebac8dc74c17_104ca3fc794c32e542757c--

  [1m[35m (2.4ms)[0m  [1m[35mCOMMIT[0m
  ↳ db/seeds.rb:6
  [1m[35m (0.2ms)[0m  [1m[35mBEGIN[0m
  ↳ db/seeds.rb:6
  [1m[36mUser Exists (0.3ms)[0m  [1m[34mSELECT  1 AS one FROM "users" WHERE "users"."email" = $1 LIMIT $2[0m  [["email", "henri7@yopmail.com"], ["LIMIT", 1]]
  ↳ db/seeds.rb:6
  [1m[36mUser Exists (0.3ms)[0m  [1m[34mSELECT  1 AS one FROM "users" WHERE "users"."email" = $1 LIMIT $2[0m  [["email", "henri7@yopmail.com"], ["LIMIT", 1]]
  ↳ db/seeds.rb:6
  [1m[36mUser Create (0.3ms)[0m  [1m[32mINSERT INTO "users" ("email", "encrypted_password", "description", "first_name", "last_name", "created_at", "updated_at") VALUES ($1, $2, $3, $4, $5, $6, $7) RETURNING "id"[0m  [["email", "henri7@yopmail.com"], ["encrypted_password", "$2a$11$eMnu9/IE6q9XOmRBq7b9EuC/0vWJpm9orLcP0rMgbM5H7OYor9CaS"], ["description", "I want your bunk!"], ["first_name", "Lawana"], ["last_name", "Metz"], ["created_at", "2020-05-12 16:03:43.095624"], ["updated_at", "2020-05-12 16:03:43.095624"]]
  ↳ db/seeds.rb:6
  Rendering user_mailer/welcome_email.html.erb within layouts/mailer
  Rendered user_mailer/welcome_email.html.erb within layouts/mailer (0.1ms)
  Rendering user_mailer/welcome_email.text.erb within layouts/mailer
  Rendered user_mailer/welcome_email.text.erb within layouts/mailer (0.0ms)
UserMailer#welcome_email: processed outbound mail in 32.6ms
Sent mail to henri7@yopmail.com (2163.0ms)
Date: Tue, 12 May 2020 19:03:43 +0300
From: david@monsite.co
To: henri7@yopmail.com
Message-ID: <5ebac8df1ff84_104ca3fc794c32e5427826@macdeMacBook-Air.local.mail>
Subject: Bienvenue chez nous !
Mime-Version: 1.0
Content-Type: multipart/alternative;
 boundary="--==_mimepart_5ebac8df1e85e_104ca3fc794c32e5427740";
 charset=UTF-8
Content-Transfer-Encoding: 7bit


----==_mimepart_5ebac8df1e85e_104ca3fc794c32e5427740
Content-Type: text/plain;
 charset=UTF-8
Content-Transfer-Encoding: base64

U2FsdXQgTGF3YW5hIGV0IGJpZW52ZW51ZSBjaGV6IG5vdXMgIQ0KPT09PT09
PT09PT09PT09PT09PT09PT09PT09PT09PT09PT09PT09PT09PT09PT09PT09
PT09PT09PQ0KIA0KVHUgdCdlcyBpbnNjcml0IHN1ciBtb25zaXRlLmZyIGVu
IHV0aWxpc2FudCBsJ2UtbWFpbCBzdWl2YW50IDogaGVucmk3QHlvcG1haWwu
Y29tLg0KIA0KUG91ciBhY2PDqWRlciDDoCB0b24gZXNwYWNlIGNsaWVudCwg
Y29ubmVjdGUtdG9pIHZpYSA6IGh0dHBzOi8vbW9uc2l0ZS5jb20vLg0KIA0K
w4AgdHLDqHMgdml0ZSBzdXIgbW9uc2l0ZS5mciAhDQo=

----==_mimepart_5ebac8df1e85e_104ca3fc794c32e5427740
Content-Type: text/html;
 charset=UTF-8
Content-Transfer-Encoding: quoted-printable

<!DOCTYPE html>=0D
<html>=0D
  <head>=0D
    <meta http-equiv=3D"Content-Type" content=3D"text/html; charset=3Dutf=
-8" />=0D
    <style>=0D
      /* Email styles need to be inline */=0D
    </style>=0D
  </head>=0D
=0D
  <body>=0D
    <!DOCTYPE html>=0D
<html>=0D
  <head>=0D
    <meta content=3D'text/html; charset=3DUTF-8' http-equiv=3D'Content-Ty=
pe' />=0D
  </head>=0D
  <body>=0D
    <h1>Salut Lawana et bienvenue chez nous !</h1>=0D
    <p>=0D
      Tu t'es inscrit sur monsite.fr en utilisant l'e-mail suivant : henr=
i7@yopmail.com.=0D
    </p>=0D
    <p>=0D
      Pour acc=C3=A9der =C3=A0 ton espace client, connecte-toi via : http=
s://monsite.com/.=0D
    </p>=0D
    <p> =C3=80 tr=C3=A8s vite sur monsite.fr !=0D
  </body>=0D
</html>=0D
  </body>=0D
</html>=0D

----==_mimepart_5ebac8df1e85e_104ca3fc794c32e5427740--

  [1m[35m (2.4ms)[0m  [1m[35mCOMMIT[0m
  ↳ db/seeds.rb:6
  [1m[35m (0.2ms)[0m  [1m[35mBEGIN[0m
  ↳ db/seeds.rb:6
  [1m[36mUser Exists (0.3ms)[0m  [1m[34mSELECT  1 AS one FROM "users" WHERE "users"."email" = $1 LIMIT $2[0m  [["email", "henri8@yopmail.com"], ["LIMIT", 1]]
  ↳ db/seeds.rb:6
  [1m[36mUser Exists (0.3ms)[0m  [1m[34mSELECT  1 AS one FROM "users" WHERE "users"."email" = $1 LIMIT $2[0m  [["email", "henri8@yopmail.com"], ["LIMIT", 1]]
  ↳ db/seeds.rb:6
  [1m[36mUser Create (0.3ms)[0m  [1m[32mINSERT INTO "users" ("email", "encrypted_password", "description", "first_name", "last_name", "created_at", "updated_at") VALUES ($1, $2, $3, $4, $5, $6, $7) RETURNING "id"[0m  [["email", "henri8@yopmail.com"], ["encrypted_password", "$2a$11$D18bRqWcyZniZTLDcT58y.foRyfJVWzDhG/XSXonOfrvRr/6MW.XS"], ["description", "I regret that I should leave this world without again beholding him."], ["first_name", "Melani"], ["last_name", "Stroman"], ["created_at", "2020-05-12 16:03:45.444453"], ["updated_at", "2020-05-12 16:03:45.444453"]]
  ↳ db/seeds.rb:6
  Rendering user_mailer/welcome_email.html.erb within layouts/mailer
  Rendered user_mailer/welcome_email.html.erb within layouts/mailer (0.1ms)
  Rendering user_mailer/welcome_email.text.erb within layouts/mailer
  Rendered user_mailer/welcome_email.text.erb within layouts/mailer (0.0ms)
UserMailer#welcome_email: processed outbound mail in 32.5ms
Sent mail to henri8@yopmail.com (2591.6ms)
Date: Tue, 12 May 2020 19:03:45 +0300
From: david@monsite.co
To: henri8@yopmail.com
Message-ID: <5ebac8e17523c_104ca3fc794c32e5428012@macdeMacBook-Air.local.mail>
Subject: Bienvenue chez nous !
Mime-Version: 1.0
Content-Type: multipart/alternative;
 boundary="--==_mimepart_5ebac8e173b39_104ca3fc794c32e54279b6";
 charset=UTF-8
Content-Transfer-Encoding: 7bit


----==_mimepart_5ebac8e173b39_104ca3fc794c32e54279b6
Content-Type: text/plain;
 charset=UTF-8
Content-Transfer-Encoding: base64

U2FsdXQgTWVsYW5pIGV0IGJpZW52ZW51ZSBjaGV6IG5vdXMgIQ0KPT09PT09
PT09PT09PT09PT09PT09PT09PT09PT09PT09PT09PT09PT09PT09PT09PT09
PT09PT09PQ0KIA0KVHUgdCdlcyBpbnNjcml0IHN1ciBtb25zaXRlLmZyIGVu
IHV0aWxpc2FudCBsJ2UtbWFpbCBzdWl2YW50IDogaGVucmk4QHlvcG1haWwu
Y29tLg0KIA0KUG91ciBhY2PDqWRlciDDoCB0b24gZXNwYWNlIGNsaWVudCwg
Y29ubmVjdGUtdG9pIHZpYSA6IGh0dHBzOi8vbW9uc2l0ZS5jb20vLg0KIA0K
w4AgdHLDqHMgdml0ZSBzdXIgbW9uc2l0ZS5mciAhDQo=

----==_mimepart_5ebac8e173b39_104ca3fc794c32e54279b6
Content-Type: text/html;
 charset=UTF-8
Content-Transfer-Encoding: quoted-printable

<!DOCTYPE html>=0D
<html>=0D
  <head>=0D
    <meta http-equiv=3D"Content-Type" content=3D"text/html; charset=3Dutf=
-8" />=0D
    <style>=0D
      /* Email styles need to be inline */=0D
    </style>=0D
  </head>=0D
=0D
  <body>=0D
    <!DOCTYPE html>=0D
<html>=0D
  <head>=0D
    <meta content=3D'text/html; charset=3DUTF-8' http-equiv=3D'Content-Ty=
pe' />=0D
  </head>=0D
  <body>=0D
    <h1>Salut Melani et bienvenue chez nous !</h1>=0D
    <p>=0D
      Tu t'es inscrit sur monsite.fr en utilisant l'e-mail suivant : henr=
i8@yopmail.com.=0D
    </p>=0D
    <p>=0D
      Pour acc=C3=A9der =C3=A0 ton espace client, connecte-toi via : http=
s://monsite.com/.=0D
    </p>=0D
    <p> =C3=80 tr=C3=A8s vite sur monsite.fr !=0D
  </body>=0D
</html>=0D
  </body>=0D
</html>=0D

----==_mimepart_5ebac8e173b39_104ca3fc794c32e54279b6--

  [1m[35m (2.3ms)[0m  [1m[35mCOMMIT[0m
  ↳ db/seeds.rb:6
  [1m[35m (0.2ms)[0m  [1m[35mBEGIN[0m
  ↳ db/seeds.rb:6
  [1m[36mUser Exists (0.3ms)[0m  [1m[34mSELECT  1 AS one FROM "users" WHERE "users"."email" = $1 LIMIT $2[0m  [["email", "henri9@yopmail.com"], ["LIMIT", 1]]
  ↳ db/seeds.rb:6
  [1m[36mUser Exists (0.3ms)[0m  [1m[34mSELECT  1 AS one FROM "users" WHERE "users"."email" = $1 LIMIT $2[0m  [["email", "henri9@yopmail.com"], ["LIMIT", 1]]
  ↳ db/seeds.rb:6
  [1m[36mUser Create (0.3ms)[0m  [1m[32mINSERT INTO "users" ("email", "encrypted_password", "description", "first_name", "last_name", "created_at", "updated_at") VALUES ($1, $2, $3, $4, $5, $6, $7) RETURNING "id"[0m  [["email", "henri9@yopmail.com"], ["encrypted_password", "$2a$11$cInOiW9gDlr7wFxiOIy/kut.0E/YIl9PDVXdQXG6eKcxqUH8.rbUm"], ["description", "I wish I could go with you."], ["first_name", "Delmer"], ["last_name", "Smitham"], ["created_at", "2020-05-12 16:03:48.222380"], ["updated_at", "2020-05-12 16:03:48.222380"]]
  ↳ db/seeds.rb:6
  Rendering user_mailer/welcome_email.html.erb within layouts/mailer
  Rendered user_mailer/welcome_email.html.erb within layouts/mailer (0.1ms)
  Rendering user_mailer/welcome_email.text.erb within layouts/mailer
  Rendered user_mailer/welcome_email.text.erb within layouts/mailer (0.0ms)
UserMailer#welcome_email: processed outbound mail in 32.5ms
Sent mail to henri9@yopmail.com (2192.6ms)
Date: Tue, 12 May 2020 19:03:48 +0300
From: david@monsite.co
To: henri9@yopmail.com
Message-ID: <5ebac8e43ee75_104ca3fc794c32e5428254@macdeMacBook-Air.local.mail>
Subject: Bienvenue chez nous !
Mime-Version: 1.0
Content-Type: multipart/alternative;
 boundary="--==_mimepart_5ebac8e43d6d3_104ca3fc794c32e542818";
 charset=UTF-8
Content-Transfer-Encoding: 7bit


----==_mimepart_5ebac8e43d6d3_104ca3fc794c32e542818
Content-Type: text/plain;
 charset=UTF-8
Content-Transfer-Encoding: base64

U2FsdXQgRGVsbWVyIGV0IGJpZW52ZW51ZSBjaGV6IG5vdXMgIQ0KPT09PT09
PT09PT09PT09PT09PT09PT09PT09PT09PT09PT09PT09PT09PT09PT09PT09
PT09PT09PQ0KIA0KVHUgdCdlcyBpbnNjcml0IHN1ciBtb25zaXRlLmZyIGVu
IHV0aWxpc2FudCBsJ2UtbWFpbCBzdWl2YW50IDogaGVucmk5QHlvcG1haWwu
Y29tLg0KIA0KUG91ciBhY2PDqWRlciDDoCB0b24gZXNwYWNlIGNsaWVudCwg
Y29ubmVjdGUtdG9pIHZpYSA6IGh0dHBzOi8vbW9uc2l0ZS5jb20vLg0KIA0K
w4AgdHLDqHMgdml0ZSBzdXIgbW9uc2l0ZS5mciAhDQo=

----==_mimepart_5ebac8e43d6d3_104ca3fc794c32e542818
Content-Type: text/html;
 charset=UTF-8
Content-Transfer-Encoding: quoted-printable

<!DOCTYPE html>=0D
<html>=0D
  <head>=0D
    <meta http-equiv=3D"Content-Type" content=3D"text/html; charset=3Dutf=
-8" />=0D
    <style>=0D
      /* Email styles need to be inline */=0D
    </style>=0D
  </head>=0D
=0D
  <body>=0D
    <!DOCTYPE html>=0D
<html>=0D
  <head>=0D
    <meta content=3D'text/html; charset=3DUTF-8' http-equiv=3D'Content-Ty=
pe' />=0D
  </head>=0D
  <body>=0D
    <h1>Salut Delmer et bienvenue chez nous !</h1>=0D
    <p>=0D
      Tu t'es inscrit sur monsite.fr en utilisant l'e-mail suivant : henr=
i9@yopmail.com.=0D
    </p>=0D
    <p>=0D
      Pour acc=C3=A9der =C3=A0 ton espace client, connecte-toi via : http=
s://monsite.com/.=0D
    </p>=0D
    <p> =C3=80 tr=C3=A8s vite sur monsite.fr !=0D
  </body>=0D
</html>=0D
  </body>=0D
</html>=0D

----==_mimepart_5ebac8e43d6d3_104ca3fc794c32e542818--

  [1m[35m (2.6ms)[0m  [1m[35mCOMMIT[0m
  ↳ db/seeds.rb:6
  [1m[36mUser Load (0.4ms)[0m  [1m[34mSELECT "users".* FROM "users"[0m
  ↳ db/seeds.rb:12
  [1m[35m (0.3ms)[0m  [1m[35mBEGIN[0m
  ↳ db/seeds.rb:12
  [1m[36mEvent Create (1.4ms)[0m  [1m[32mINSERT INTO "events" ("start_date", "duration", "title", "description", "price", "location", "admin_id", "created_at", "updated_at") VALUES ($1, $2, $3, $4, $5, $6, $7, $8, $9) RETURNING "id"[0m  [["start_date", "2020-05-25 00:00:00"], ["duration", 10], ["title", "Event0"], ["description", "Chuck Norris' beard is immutable."], ["price", 5], ["location", "49179 Bins Creek, Newtonburgh, MS 69354-9621"], ["admin_id", 5], ["created_at", "2020-05-12 16:03:50.537350"], ["updated_at", "2020-05-12 16:03:50.537350"]]
  ↳ db/seeds.rb:12
  [1m[35m (41.4ms)[0m  [1m[35mCOMMIT[0m
  ↳ db/seeds.rb:12
  [1m[36mUser Load (0.5ms)[0m  [1m[34mSELECT "users".* FROM "users"[0m
  ↳ db/seeds.rb:12
  [1m[35m (0.3ms)[0m  [1m[35mBEGIN[0m
  ↳ db/seeds.rb:12
  [1m[36mEvent Create (0.5ms)[0m  [1m[32mINSERT INTO "events" ("start_date", "duration", "title", "description", "price", "location", "admin_id", "created_at", "updated_at") VALUES ($1, $2, $3, $4, $5, $6, $7, $8, $9) RETURNING "id"[0m  [["start_date", "2020-08-07 00:00:00"], ["duration", 15], ["title", "Event1"], ["description", "The class object inherits from Chuck Norris."], ["price", 25], ["location", "882 Ritchie View, West Logan, OR 58466-2916"], ["admin_id", 7], ["created_at", "2020-05-12 16:03:50.587376"], ["updated_at", "2020-05-12 16:03:50.587376"]]
  ↳ db/seeds.rb:12
  [1m[35m (2.3ms)[0m  [1m[35mCOMMIT[0m
  ↳ db/seeds.rb:12
  [1m[36mUser Load (0.5ms)[0m  [1m[34mSELECT "users".* FROM "users"[0m
  ↳ db/seeds.rb:12
  [1m[35m (0.2ms)[0m  [1m[35mBEGIN[0m
  ↳ db/seeds.rb:12
  [1m[36mEvent Create (0.5ms)[0m  [1m[32mINSERT INTO "events" ("start_date", "duration", "title", "description", "price", "location", "admin_id", "created_at", "updated_at") VALUES ($1, $2, $3, $4, $5, $6, $7, $8, $9) RETURNING "id"[0m  [["start_date", "2020-07-27 00:00:00"], ["duration", 45], ["title", "Event2"], ["description", "Chuck Norris compresses his files by doing a flying round house kick to the hard drive."], ["price", 40], ["location", "640 Rath Isle, Port Alease, CO 50417-7992"], ["admin_id", 3], ["created_at", "2020-05-12 16:03:50.597667"], ["updated_at", "2020-05-12 16:03:50.597667"]]
  ↳ db/seeds.rb:12
  [1m[35m (2.3ms)[0m  [1m[35mCOMMIT[0m
  ↳ db/seeds.rb:12
  [1m[36mUser Load (0.5ms)[0m  [1m[34mSELECT "users".* FROM "users"[0m
  ↳ db/seeds.rb:12
  [1m[35m (0.2ms)[0m  [1m[35mBEGIN[0m
  ↳ db/seeds.rb:12
  [1m[36mEvent Create (0.4ms)[0m  [1m[32mINSERT INTO "events" ("start_date", "duration", "title", "description", "price", "location", "admin_id", "created_at", "updated_at") VALUES ($1, $2, $3, $4, $5, $6, $7, $8, $9) RETURNING "id"[0m  [["start_date", "2020-06-05 00:00:00"], ["duration", 45], ["title", "Event3"], ["description", "There is no need to try catching Chuck Norris' exceptions for recovery; every single throw he does is fatal."], ["price", 25], ["location", "15162 Pasty Greens, Lavonneside, ID 14213-7234"], ["admin_id", 3], ["created_at", "2020-05-12 16:03:50.607127"], ["updated_at", "2020-05-12 16:03:50.607127"]]
  ↳ db/seeds.rb:12
  [1m[35m (2.2ms)[0m  [1m[35mCOMMIT[0m
  ↳ db/seeds.rb:12
  [1m[36mUser Load (0.4ms)[0m  [1m[34mSELECT "users".* FROM "users"[0m
  ↳ db/seeds.rb:12
  [1m[35m (0.1ms)[0m  [1m[35mBEGIN[0m
  ↳ db/seeds.rb:12
  [1m[36mEvent Create (0.3ms)[0m  [1m[32mINSERT INTO "events" ("start_date", "duration", "title", "description", "price", "location", "admin_id", "created_at", "updated_at") VALUES ($1, $2, $3, $4, $5, $6, $7, $8, $9) RETURNING "id"[0m  [["start_date", "2020-07-19 00:00:00"], ["duration", 20], ["title", "Event4"], ["description", "Chuck Norris' preferred IDE is hexedit."], ["price", 30], ["location", "Suite 762 461 Gusikowski Ports, Lanellberg, ND 01538-4800"], ["admin_id", 7], ["created_at", "2020-05-12 16:03:50.614853"], ["updated_at", "2020-05-12 16:03:50.614853"]]
  ↳ db/seeds.rb:12
  [1m[35m (2.2ms)[0m  [1m[35mCOMMIT[0m
  ↳ db/seeds.rb:12
  [1m[36mUser Load (0.3ms)[0m  [1m[34mSELECT "users".* FROM "users"[0m
  ↳ db/seeds.rb:12
  [1m[35m (0.1ms)[0m  [1m[35mBEGIN[0m
  ↳ db/seeds.rb:12
  [1m[36mEvent Create (0.3ms)[0m  [1m[32mINSERT INTO "events" ("start_date", "duration", "title", "description", "price", "location", "admin_id", "created_at", "updated_at") VALUES ($1, $2, $3, $4, $5, $6, $7, $8, $9) RETURNING "id"[0m  [["start_date", "2020-05-22 00:00:00"], ["duration", 40], ["title", "Event5"], ["description", "Chuck Norris doesn't pair program."], ["price", 30], ["location", "386 Beer Cliffs, Cliffbury, CO 71529-3026"], ["admin_id", 9], ["created_at", "2020-05-12 16:03:50.621758"], ["updated_at", "2020-05-12 16:03:50.621758"]]
  ↳ db/seeds.rb:12
  [1m[35m (2.1ms)[0m  [1m[35mCOMMIT[0m
  ↳ db/seeds.rb:12
  [1m[36mUser Load (0.3ms)[0m  [1m[34mSELECT "users".* FROM "users"[0m
  ↳ db/seeds.rb:12
  [1m[35m (0.2ms)[0m  [1m[35mBEGIN[0m
  ↳ db/seeds.rb:12
  [1m[36mEvent Create (0.3ms)[0m  [1m[32mINSERT INTO "events" ("start_date", "duration", "title", "description", "price", "location", "admin_id", "created_at", "updated_at") VALUES ($1, $2, $3, $4, $5, $6, $7, $8, $9) RETURNING "id"[0m  [["start_date", "2020-08-11 00:00:00"], ["duration", 25], ["title", "Event6"], ["description", "Chuck Norris can instantiate an abstract class."], ["price", 5], ["location", "Suite 584 1599 Zieme Trace, West Christenefort, OR 90525"], ["admin_id", 6], ["created_at", "2020-05-12 16:03:50.628468"], ["updated_at", "2020-05-12 16:03:50.628468"]]
  ↳ db/seeds.rb:12
  [1m[35m (2.2ms)[0m  [1m[35mCOMMIT[0m
  ↳ db/seeds.rb:12
  [1m[36mUser Load (0.3ms)[0m  [1m[34mSELECT "users".* FROM "users"[0m
  ↳ db/seeds.rb:12
  [1m[35m (0.2ms)[0m  [1m[35mBEGIN[0m
  ↳ db/seeds.rb:12
  [1m[36mEvent Create (0.3ms)[0m  [1m[32mINSERT INTO "events" ("start_date", "duration", "title", "description", "price", "location", "admin_id", "created_at", "updated_at") VALUES ($1, $2, $3, $4, $5, $6, $7, $8, $9) RETURNING "id"[0m  [["start_date", "2020-05-24 00:00:00"], ["duration", 40], ["title", "Event7"], ["description", "Chuck Norris can use GOTO as much as he wants to. Telling him otherwise is considered harmful."], ["price", 5], ["location", "1749 Arlie Neck, Merlemouth, NJ 91380-3764"], ["admin_id", 9], ["created_at", "2020-05-12 16:03:50.635005"], ["updated_at", "2020-05-12 16:03:50.635005"]]
  ↳ db/seeds.rb:12
  [1m[35m (2.3ms)[0m  [1m[35mCOMMIT[0m
  ↳ db/seeds.rb:12
  [1m[36mUser Load (0.3ms)[0m  [1m[34mSELECT "users".* FROM "users"[0m
  ↳ db/seeds.rb:12
  [1m[35m (0.2ms)[0m  [1m[35mBEGIN[0m
  ↳ db/seeds.rb:12
  [1m[36mEvent Create (0.3ms)[0m  [1m[32mINSERT INTO "events" ("start_date", "duration", "title", "description", "price", "location", "admin_id", "created_at", "updated_at") VALUES ($1, $2, $3, $4, $5, $6, $7, $8, $9) RETURNING "id"[0m  [["start_date", "2020-05-21 00:00:00"], ["duration", 50], ["title", "Event8"], ["description", "Chuck Norris is immutable. If something's going to change, it's going to have to be the rest of the universe."], ["price", 25], ["location", "328 Savanna Haven, West Jodyland, OK 22433-2512"], ["admin_id", 10], ["created_at", "2020-05-12 16:03:50.641657"], ["updated_at", "2020-05-12 16:03:50.641657"]]
  ↳ db/seeds.rb:12
  [1m[35m (2.2ms)[0m  [1m[35mCOMMIT[0m
  ↳ db/seeds.rb:12
  [1m[36mUser Load (0.3ms)[0m  [1m[34mSELECT "users".* FROM "users"[0m
  ↳ db/seeds.rb:12
  [1m[35m (0.2ms)[0m  [1m[35mBEGIN[0m
  ↳ db/seeds.rb:12
  [1m[36mEvent Create (0.3ms)[0m  [1m[32mINSERT INTO "events" ("start_date", "duration", "title", "description", "price", "location", "admin_id", "created_at", "updated_at") VALUES ($1, $2, $3, $4, $5, $6, $7, $8, $9) RETURNING "id"[0m  [["start_date", "2020-07-12 00:00:00"], ["duration", 40], ["title", "Event9"], ["description", "Chuck Norris doesn't need an OS."], ["price", 20], ["location", "Suite 315 5811 Dickens Dale, Saritahaven, MD 29231"], ["admin_id", 6], ["created_at", "2020-05-12 16:03:50.648364"], ["updated_at", "2020-05-12 16:03:50.648364"]]
  ↳ db/seeds.rb:12
  [1m[35m (2.2ms)[0m  [1m[35mCOMMIT[0m
  ↳ db/seeds.rb:12
  [1m[36mEvent Load (0.4ms)[0m  [1m[34mSELECT "events".* FROM "events"[0m
  ↳ db/seeds.rb:17
  [1m[36mUser Load (0.3ms)[0m  [1m[34mSELECT "users".* FROM "users"[0m
  ↳ db/seeds.rb:17
  [1m[35m (0.2ms)[0m  [1m[35mBEGIN[0m
  ↳ db/seeds.rb:17
  [1m[36mAttendance Create (1.1ms)[0m  [1m[32mINSERT INTO "attendances" ("user_id", "event_id", "created_at", "updated_at") VALUES ($1, $2, $3, $4) RETURNING "id"[0m  [["user_id", 5], ["event_id", 4], ["created_at", "2020-05-12 16:03:50.670522"], ["updated_at", "2020-05-12 16:03:50.670522"]]
  ↳ db/seeds.rb:17
  [1m[35m (41.3ms)[0m  [1m[35mCOMMIT[0m
  ↳ db/seeds.rb:17
  [1m[36mEvent Load (0.5ms)[0m  [1m[34mSELECT "events".* FROM "events"[0m
  ↳ db/seeds.rb:17
  [1m[36mUser Load (0.4ms)[0m  [1m[34mSELECT "users".* FROM "users"[0m
  ↳ db/seeds.rb:17
  [1m[35m (0.2ms)[0m  [1m[35mBEGIN[0m
  ↳ db/seeds.rb:17
  [1m[36mAttendance Create (0.6ms)[0m  [1m[32mINSERT INTO "attendances" ("user_id", "event_id", "created_at", "updated_at") VALUES ($1, $2, $3, $4) RETURNING "id"[0m  [["user_id", 10], ["event_id", 7], ["created_at", "2020-05-12 16:03:50.719040"], ["updated_at", "2020-05-12 16:03:50.719040"]]
  ↳ db/seeds.rb:17
  [1m[35m (2.3ms)[0m  [1m[35mCOMMIT[0m
  ↳ db/seeds.rb:17
  [1m[36mEvent Load (0.5ms)[0m  [1m[34mSELECT "events".* FROM "events"[0m
  ↳ db/seeds.rb:17
  [1m[36mUser Load (0.4ms)[0m  [1m[34mSELECT "users".* FROM "users"[0m
  ↳ db/seeds.rb:17
  [1m[35m (0.2ms)[0m  [1m[35mBEGIN[0m
  ↳ db/seeds.rb:17
  [1m[36mAttendance Create (0.5ms)[0m  [1m[32mINSERT INTO "attendances" ("user_id", "event_id", "created_at", "updated_at") VALUES ($1, $2, $3, $4) RETURNING "id"[0m  [["user_id", 9], ["event_id", 9], ["created_at", "2020-05-12 16:03:50.728379"], ["updated_at", "2020-05-12 16:03:50.728379"]]
  ↳ db/seeds.rb:17
  [1m[35m (2.3ms)[0m  [1m[35mCOMMIT[0m
  ↳ db/seeds.rb:17
  [1m[36mEvent Load (0.4ms)[0m  [1m[34mSELECT "events".* FROM "events"[0m
  ↳ db/seeds.rb:17
  [1m[36mUser Load (0.3ms)[0m  [1m[34mSELECT "users".* FROM "users"[0m
  ↳ db/seeds.rb:17
  [1m[35m (0.2ms)[0m  [1m[35mBEGIN[0m
  ↳ db/seeds.rb:17
  [1m[36mAttendance Create (0.4ms)[0m  [1m[32mINSERT INTO "attendances" ("user_id", "event_id", "created_at", "updated_at") VALUES ($1, $2, $3, $4) RETURNING "id"[0m  [["user_id", 4], ["event_id", 10], ["created_at", "2020-05-12 16:03:50.736477"], ["updated_at", "2020-05-12 16:03:50.736477"]]
  ↳ db/seeds.rb:17
  [1m[35m (2.2ms)[0m  [1m[35mCOMMIT[0m
  ↳ db/seeds.rb:17
  [1m[36mEvent Load (0.4ms)[0m  [1m[34mSELECT "events".* FROM "events"[0m
  ↳ db/seeds.rb:17
  [1m[36mUser Load (0.4ms)[0m  [1m[34mSELECT "users".* FROM "users"[0m
  ↳ db/seeds.rb:17
  [1m[35m (0.2ms)[0m  [1m[35mBEGIN[0m
  ↳ db/seeds.rb:17
  [1m[36mAttendance Create (0.4ms)[0m  [1m[32mINSERT INTO "attendances" ("user_id", "event_id", "created_at", "updated_at") VALUES ($1, $2, $3, $4) RETURNING "id"[0m  [["user_id", 10], ["event_id", 3], ["created_at", "2020-05-12 16:03:50.744139"], ["updated_at", "2020-05-12 16:03:50.744139"]]
  ↳ db/seeds.rb:17
  [1m[35m (2.2ms)[0m  [1m[35mCOMMIT[0m
  ↳ db/seeds.rb:17
  [1m[36mEvent Load (0.4ms)[0m  [1m[34mSELECT "events".* FROM "events"[0m
  ↳ db/seeds.rb:17
  [1m[36mUser Load (0.3ms)[0m  [1m[34mSELECT "users".* FROM "users"[0m
  ↳ db/seeds.rb:17
  [1m[35m (0.1ms)[0m  [1m[35mBEGIN[0m
  ↳ db/seeds.rb:17
  [1m[36mAttendance Create (0.3ms)[0m  [1m[32mINSERT INTO "attendances" ("user_id", "event_id", "created_at", "updated_at") VALUES ($1, $2, $3, $4) RETURNING "id"[0m  [["user_id", 5], ["event_id", 4], ["created_at", "2020-05-12 16:03:50.751168"], ["updated_at", "2020-05-12 16:03:50.751168"]]
  ↳ db/seeds.rb:17
  [1m[35m (2.3ms)[0m  [1m[35mCOMMIT[0m
  ↳ db/seeds.rb:17
  [1m[36mEvent Load (0.3ms)[0m  [1m[34mSELECT "events".* FROM "events"[0m
  ↳ db/seeds.rb:17
  [1m[36mUser Load (0.3ms)[0m  [1m[34mSELECT "users".* FROM "users"[0m
  ↳ db/seeds.rb:17
  [1m[35m (0.2ms)[0m  [1m[35mBEGIN[0m
  ↳ db/seeds.rb:17
  [1m[36mAttendance Create (0.3ms)[0m  [1m[32mINSERT INTO "attendances" ("user_id", "event_id", "created_at", "updated_at") VALUES ($1, $2, $3, $4) RETURNING "id"[0m  [["user_id", 2], ["event_id", 10], ["created_at", "2020-05-12 16:03:50.757430"], ["updated_at", "2020-05-12 16:03:50.757430"]]
  ↳ db/seeds.rb:17
  [1m[35m (2.3ms)[0m  [1m[35mCOMMIT[0m
  ↳ db/seeds.rb:17
  [1m[36mEvent Load (0.4ms)[0m  [1m[34mSELECT "events".* FROM "events"[0m
  ↳ db/seeds.rb:17
  [1m[36mUser Load (0.3ms)[0m  [1m[34mSELECT "users".* FROM "users"[0m
  ↳ db/seeds.rb:17
  [1m[35m (0.2ms)[0m  [1m[35mBEGIN[0m
  ↳ db/seeds.rb:17
  [1m[36mAttendance Create (0.3ms)[0m  [1m[32mINSERT INTO "attendances" ("user_id", "event_id", "created_at", "updated_at") VALUES ($1, $2, $3, $4) RETURNING "id"[0m  [["user_id", 7], ["event_id", 7], ["created_at", "2020-05-12 16:03:50.764134"], ["updated_at", "2020-05-12 16:03:50.764134"]]
  ↳ db/seeds.rb:17
  [1m[35m (2.2ms)[0m  [1m[35mCOMMIT[0m
  ↳ db/seeds.rb:17
  [1m[36mEvent Load (0.3ms)[0m  [1m[34mSELECT "events".* FROM "events"[0m
  ↳ db/seeds.rb:17
  [1m[36mUser Load (0.4ms)[0m  [1m[34mSELECT "users".* FROM "users"[0m
  ↳ db/seeds.rb:17
  [1m[35m (0.2ms)[0m  [1m[35mBEGIN[0m
  ↳ db/seeds.rb:17
  [1m[36mAttendance Create (0.4ms)[0m  [1m[32mINSERT INTO "attendances" ("user_id", "event_id", "created_at", "updated_at") VALUES ($1, $2, $3, $4) RETURNING "id"[0m  [["user_id", 7], ["event_id", 1], ["created_at", "2020-05-12 16:03:50.770742"], ["updated_at", "2020-05-12 16:03:50.770742"]]
  ↳ db/seeds.rb:17
  [1m[35m (2.2ms)[0m  [1m[35mCOMMIT[0m
  ↳ db/seeds.rb:17
  [1m[36mEvent Load (0.4ms)[0m  [1m[34mSELECT "events".* FROM "events"[0m
  ↳ db/seeds.rb:17
  [1m[36mUser Load (0.3ms)[0m  [1m[34mSELECT "users".* FROM "users"[0m
  ↳ db/seeds.rb:17
  [1m[35m (0.1ms)[0m  [1m[35mBEGIN[0m
  ↳ db/seeds.rb:17
  [1m[36mAttendance Create (0.3ms)[0m  [1m[32mINSERT INTO "attendances" ("user_id", "event_id", "created_at", "updated_at") VALUES ($1, $2, $3, $4) RETURNING "id"[0m  [["user_id", 3], ["event_id", 2], ["created_at", "2020-05-12 16:03:50.777575"], ["updated_at", "2020-05-12 16:03:50.777575"]]
  ↳ db/seeds.rb:17
  [1m[35m (2.2ms)[0m  [1m[35mCOMMIT[0m
  ↳ db/seeds.rb:17
Started GET "/" for ::1 at 2020-05-12 19:04:09 +0300
  [1m[35m (1.1ms)[0m  [1m[34mSELECT "schema_migrations"."version" FROM "schema_migrations" ORDER BY "schema_migrations"."version" ASC[0m
  ↳ /Users/ANDRIA/.rvm/gems/ruby-2.5.1/gems/activerecord-5.2.3/lib/active_record/log_subscriber.rb:98
Processing by Devise::SessionsController#new as HTML
  Rendering devise/sessions/new.html.erb within layouts/application
DEPRECATION WARNING: [Devise] `DeviseHelper.devise_error_messages!`
is deprecated and it will be removed in the next major version.
To customize the errors styles please run `rails g devise:views` and modify the
`devise/shared/error_messages` partial.
 (called from block in _app_views_devise_sessions_new_html_erb__3606671477705718461_70108249044440 at /Users/ANDRIA/Documents/THP/semaine_6/event_brite/app/views/devise/sessions/new.html.erb:9)
  Rendered devise/shared/_links.html.erb (2.2ms)
  Rendered devise/sessions/new.html.erb within layouts/application (933.1ms)
Completed 200 OK in 1851ms (Views: 1816.5ms | ActiveRecord: 4.7ms)


Started GET "/users/sign_up" for ::1 at 2020-05-12 19:04:32 +0300
Processing by Devise::RegistrationsController#new as HTML
  Rendering devise/registrations/new.html.erb within layouts/application
DEPRECATION WARNING: [Devise] `DeviseHelper.devise_error_messages!`
is deprecated and it will be removed in the next major version.
To customize the errors styles please run `rails g devise:views` and modify the
`devise/shared/error_messages` partial.
 (called from block in _app_views_devise_registrations_new_html_erb___4239680289971323624_70108278927040 at /Users/ANDRIA/Documents/THP/semaine_6/event_brite/app/views/devise/registrations/new.html.erb:9)
  Rendered devise/shared/_links.html.erb (1.5ms)
  Rendered devise/registrations/new.html.erb within layouts/application (12.0ms)
Completed 200 OK in 73ms (Views: 71.1ms | ActiveRecord: 0.0ms)


Started POST "/users" for ::1 at 2020-05-12 19:05:10 +0300
Processing by Devise::RegistrationsController#create as HTML
  Parameters: {"utf8"=>"✓", "authenticity_token"=>"Sa+iN3NbVoGtTa1tFBv9JJyL7uHElkXHFXqzDFygTRzLVQx+nmMIoXnzRHCASd7cfI3nBdYUm1zzAFXEGe7QqA==", "user"=>{"first_name"=>"andria", "email"=>"andria@yooo.fr", "password"=>"[FILTERED]", "password_confirmation"=>"[FILTERED]", "remember_me"=>"1"}, "commit"=>"Sign Up"}
Unpermitted parameter: :remember_me
  [1m[35m (0.2ms)[0m  [1m[35mBEGIN[0m
  ↳ /Users/ANDRIA/.rvm/gems/ruby-2.5.1/gems/activerecord-5.2.3/lib/active_record/log_subscriber.rb:98
  [1m[36mUser Exists (1.1ms)[0m  [1m[34mSELECT  1 AS one FROM "users" WHERE "users"."email" = $1 LIMIT $2[0m  [["email", "andria@yooo.fr"], ["LIMIT", 1]]
  ↳ /Users/ANDRIA/.rvm/gems/ruby-2.5.1/gems/activerecord-5.2.3/lib/active_record/log_subscriber.rb:98
  [1m[36mCACHE User Exists (0.0ms)[0m  [1m[34mSELECT  1 AS one FROM "users" WHERE "users"."email" = $1 LIMIT $2[0m  [["email", "andria@yooo.fr"], ["LIMIT", 1]]
  ↳ /Users/ANDRIA/.rvm/gems/ruby-2.5.1/gems/activerecord-5.2.3/lib/active_record/log_subscriber.rb:98
  [1m[36mUser Create (0.8ms)[0m  [1m[32mINSERT INTO "users" ("email", "encrypted_password", "first_name", "created_at", "updated_at") VALUES ($1, $2, $3, $4, $5) RETURNING "id"[0m  [["email", "andria@yooo.fr"], ["encrypted_password", "$2a$11$1blKASnLAqwsHuTU8ooQv.gLhXP2R7wn3GEFB9iQqSoK8bVPjyKim"], ["first_name", "andria"], ["created_at", "2020-05-12 16:05:11.107994"], ["updated_at", "2020-05-12 16:05:11.107994"]]
  ↳ /Users/ANDRIA/.rvm/gems/ruby-2.5.1/gems/activerecord-5.2.3/lib/active_record/log_subscriber.rb:98
  Rendering user_mailer/welcome_email.html.erb within layouts/mailer
  Rendered user_mailer/welcome_email.html.erb within layouts/mailer (0.9ms)
  Rendering user_mailer/welcome_email.text.erb within layouts/mailer
  Rendered user_mailer/welcome_email.text.erb within layouts/mailer (1.5ms)
UserMailer#welcome_email: processed outbound mail in 405.4ms
Sent mail to andria@yooo.fr (2457.1ms)
Date: Tue, 12 May 2020 19:05:11 +0300
From: david@monsite.co
To: andria@yooo.fr
Message-ID: <5ebac937906a0_104e33fc35b000f88370f1@macdeMacBook-Air.local.mail>
Subject: Bienvenue chez nous !
Mime-Version: 1.0
Content-Type: multipart/alternative;
 boundary="--==_mimepart_5ebac9378b00d_104e33fc35b000f88369cf";
 charset=UTF-8
Content-Transfer-Encoding: 7bit


----==_mimepart_5ebac9378b00d_104e33fc35b000f88369cf
Content-Type: text/plain;
 charset=UTF-8
Content-Transfer-Encoding: base64

U2FsdXQgYW5kcmlhIGV0IGJpZW52ZW51ZSBjaGV6IG5vdXMgIQ0KPT09PT09
PT09PT09PT09PT09PT09PT09PT09PT09PT09PT09PT09PT09PT09PT09PT09
PT09PT09PQ0KIA0KVHUgdCdlcyBpbnNjcml0IHN1ciBtb25zaXRlLmZyIGVu
IHV0aWxpc2FudCBsJ2UtbWFpbCBzdWl2YW50IDogYW5kcmlhQHlvb28uZnIu
DQogDQpQb3VyIGFjY8OpZGVyIMOgIHRvbiBlc3BhY2UgY2xpZW50LCBjb25u
ZWN0ZS10b2kgdmlhIDogaHR0cHM6Ly9tb25zaXRlLmNvbS8uDQogDQrDgCB0
csOocyB2aXRlIHN1ciBtb25zaXRlLmZyICENCg==

----==_mimepart_5ebac9378b00d_104e33fc35b000f88369cf
Content-Type: text/html;
 charset=UTF-8
Content-Transfer-Encoding: quoted-printable

<!DOCTYPE html>=0D
<html>=0D
  <head>=0D
    <meta http-equiv=3D"Content-Type" content=3D"text/html; charset=3Dutf=
-8" />=0D
    <style>=0D
      /* Email styles need to be inline */=0D
    </style>=0D
  </head>=0D
=0D
  <body>=0D
    <!DOCTYPE html>=0D
<html>=0D
  <head>=0D
    <meta content=3D'text/html; charset=3DUTF-8' http-equiv=3D'Content-Ty=
pe' />=0D
  </head>=0D
  <body>=0D
    <h1>Salut andria et bienvenue chez nous !</h1>=0D
    <p>=0D
      Tu t'es inscrit sur monsite.fr en utilisant l'e-mail suivant : andr=
ia@yooo.fr.=0D
    </p>=0D
    <p>=0D
      Pour acc=C3=A9der =C3=A0 ton espace client, connecte-toi via : http=
s://monsite.com/.=0D
    </p>=0D
    <p> =C3=80 tr=C3=A8s vite sur monsite.fr !=0D
  </body>=0D
</html>=0D
  </body>=0D
</html>=0D

----==_mimepart_5ebac9378b00d_104e33fc35b000f88369cf--

  [1m[35m (2.7ms)[0m  [1m[35mCOMMIT[0m
  ↳ /Users/ANDRIA/.rvm/gems/ruby-2.5.1/gems/activerecord-5.2.3/lib/active_record/log_subscriber.rb:98
Redirected to http://localhost:3000/events
Completed 302 Found in 3147ms (ActiveRecord: 4.8ms)


Started GET "/events" for ::1 at 2020-05-12 19:05:14 +0300
Processing by EventsController#index as HTML
  [1m[36mUser Load (0.5ms)[0m  [1m[34mSELECT  "users".* FROM "users" WHERE "users"."id" = $1 ORDER BY "users"."id" ASC LIMIT $2[0m  [["id", 11], ["LIMIT", 1]]
  ↳ app/controllers/application_controller.rb:19
  Rendering events/index.html.erb within layouts/application
  [1m[36mEvent Load (0.7ms)[0m  [1m[34mSELECT "events".* FROM "events"[0m
  ↳ app/views/events/index.html.erb:41
  Rendered events/index.html.erb within layouts/application (19.1ms)
Completed 200 OK in 88ms (Views: 36.1ms | ActiveRecord: 9.5ms)


Started GET "/" for ::1 at 2020-05-12 23:26:47 +0300
  [1m[35m (1.0ms)[0m  [1m[34mSELECT "schema_migrations"."version" FROM "schema_migrations" ORDER BY "schema_migrations"."version" ASC[0m
  ↳ /Users/ANDRIA/.rvm/gems/ruby-2.5.1/gems/activerecord-5.2.3/lib/active_record/log_subscriber.rb:98
Processing by Devise::SessionsController#new as HTML
  [1m[36mUser Load (1.1ms)[0m  [1m[34mSELECT  "users".* FROM "users" WHERE "users"."id" = $1 ORDER BY "users"."id" ASC LIMIT $2[0m  [["id", 11], ["LIMIT", 1]]
  ↳ /Users/ANDRIA/.rvm/gems/ruby-2.5.1/gems/activerecord-5.2.3/lib/active_record/log_subscriber.rb:98
Redirected to http://localhost:3000/events
Filter chain halted as :require_no_authentication rendered or redirected
Completed 302 Found in 1021ms (ActiveRecord: 8.6ms)


Started GET "/events" for ::1 at 2020-05-12 23:26:49 +0300
Processing by EventsController#index as HTML
  [1m[36mUser Load (0.4ms)[0m  [1m[34mSELECT  "users".* FROM "users" WHERE "users"."id" = $1 ORDER BY "users"."id" ASC LIMIT $2[0m  [["id", 11], ["LIMIT", 1]]
  ↳ app/controllers/application_controller.rb:19
  Rendering events/index.html.erb within layouts/application
  [1m[36mEvent Load (26.5ms)[0m  [1m[34mSELECT "events".* FROM "events"[0m
  ↳ app/views/events/index.html.erb:41
  Rendered events/index.html.erb within layouts/application (52.2ms)
Completed 200 OK in 612ms (Views: 537.2ms | ActiveRecord: 31.2ms)


Started GET "/events" for ::1 at 2020-05-12 23:27:06 +0300
Processing by EventsController#index as HTML
  [1m[36mUser Load (0.7ms)[0m  [1m[34mSELECT  "users".* FROM "users" WHERE "users"."id" = $1 ORDER BY "users"."id" ASC LIMIT $2[0m  [["id", 11], ["LIMIT", 1]]
  ↳ app/controllers/application_controller.rb:19
  Rendering events/index.html.erb within layouts/application
  [1m[36mEvent Load (0.5ms)[0m  [1m[34mSELECT "events".* FROM "events"[0m
  ↳ app/views/events/index.html.erb:41
  Rendered events/index.html.erb within layouts/application (2.9ms)
Completed 200 OK in 126ms (Views: 116.0ms | ActiveRecord: 1.2ms)


Started GET "/events/2" for ::1 at 2020-05-12 23:27:12 +0300
Processing by EventsController#show as HTML
  Parameters: {"id"=>"2"}
  [1m[36mEvent Load (0.7ms)[0m  [1m[34mSELECT  "events".* FROM "events" WHERE "events"."id" = $1 LIMIT $2[0m  [["id", 2], ["LIMIT", 1]]
  ↳ app/controllers/events_controller.rb:49
  [1m[36mUser Load (0.5ms)[0m  [1m[34mSELECT  "users".* FROM "users" WHERE "users"."id" = $1 ORDER BY "users"."id" ASC LIMIT $2[0m  [["id", 11], ["LIMIT", 1]]
  ↳ app/controllers/application_controller.rb:19
  [1m[36mAttendance Load (0.6ms)[0m  [1m[34mSELECT "attendances".* FROM "attendances" WHERE "attendances"."event_id" = $1[0m  [["event_id", 2]]
  ↳ app/models/attendance.rb:8
  [1m[36mUser Load (0.4ms)[0m  [1m[34mSELECT  "users".* FROM "users" WHERE "users"."id" = $1 LIMIT $2[0m  [["id", 3], ["LIMIT", 1]]
  ↳ app/models/attendance.rb:9
  Rendering events/show.html.erb within layouts/application
  [1m[36mUser Load (0.3ms)[0m  [1m[34mSELECT  "users".* FROM "users" WHERE "users"."id" = $1 LIMIT $2[0m  [["id", 7], ["LIMIT", 1]]
  ↳ app/views/events/show.html.erb:26
  Rendered events/show.html.erb within layouts/application (6.4ms)
Completed 200 OK in 113ms (Views: 36.5ms | ActiveRecord: 6.2ms)


Started POST "/events/2/attendances" for ::1 at 2020-05-12 23:27:20 +0300
Processing by AttendancesController#create as HTML
  Parameters: {"utf8"=>"✓", "authenticity_token"=>"S3k3zXv7gUQbhbHNnLAPgQmV/ziTDlvZt18kNiJkPh97aWZZQKpb0D+mfQ1R5O/7RrBVto6XYjMOk2Koz2L60A==", "event_id"=>"2"}
  [1m[36mUser Load (1.5ms)[0m  [1m[34mSELECT  "users".* FROM "users" WHERE "users"."id" = $1 ORDER BY "users"."id" ASC LIMIT $2[0m  [["id", 11], ["LIMIT", 1]]
  ↳ app/controllers/application_controller.rb:19
  [1m[36mEvent Load (1.5ms)[0m  [1m[34mSELECT  "events".* FROM "events" WHERE "events"."id" = $1 LIMIT $2[0m  [["id", 2], ["LIMIT", 1]]
  ↳ app/controllers/attendances_controller.rb:48
  [1m[36mAttendance Exists (0.8ms)[0m  [1m[34mSELECT  1 AS one FROM "attendances" WHERE "attendances"."user_id" = $1 AND "attendances"."event_id" = $2 LIMIT $3[0m  [["user_id", 11], ["event_id", 2], ["LIMIT", 1]]
  ↳ app/controllers/attendances_controller.rb:52
  [1m[35m (0.2ms)[0m  [1m[35mBEGIN[0m
  ↳ app/controllers/attendances_controller.rb:24
  [1m[36mUser Load (0.4ms)[0m  [1m[34mSELECT  "users".* FROM "users" WHERE "users"."id" = $1 LIMIT $2[0m  [["id", 11], ["LIMIT", 1]]
  ↳ app/controllers/attendances_controller.rb:24
  [1m[36mAttendance Create (1.4ms)[0m  [1m[32mINSERT INTO "attendances" ("user_id", "event_id", "created_at", "updated_at") VALUES ($1, $2, $3, $4) RETURNING "id"[0m  [["user_id", 11], ["event_id", 2], ["created_at", "2020-05-12 20:27:21.050249"], ["updated_at", "2020-05-12 20:27:21.050249"]]
  ↳ app/controllers/attendances_controller.rb:24
  [1m[35m (16.5ms)[0m  [1m[35mCOMMIT[0m
  ↳ app/controllers/attendances_controller.rb:24
Redirected to http://localhost:3000/events/2
Completed 302 Found in 61ms (ActiveRecord: 22.4ms)


Started GET "/events/2" for ::1 at 2020-05-12 23:27:21 +0300
Processing by EventsController#show as HTML
  Parameters: {"id"=>"2"}
  [1m[36mEvent Load (0.4ms)[0m  [1m[34mSELECT  "events".* FROM "events" WHERE "events"."id" = $1 LIMIT $2[0m  [["id", 2], ["LIMIT", 1]]
  ↳ app/controllers/events_controller.rb:49
  [1m[36mUser Load (0.4ms)[0m  [1m[34mSELECT  "users".* FROM "users" WHERE "users"."id" = $1 ORDER BY "users"."id" ASC LIMIT $2[0m  [["id", 11], ["LIMIT", 1]]
  ↳ app/controllers/application_controller.rb:19
  [1m[36mAttendance Load (0.3ms)[0m  [1m[34mSELECT "attendances".* FROM "attendances" WHERE "attendances"."event_id" = $1[0m  [["event_id", 2]]
  ↳ app/models/attendance.rb:8
  [1m[36mUser Load (0.4ms)[0m  [1m[34mSELECT  "users".* FROM "users" WHERE "users"."id" = $1 LIMIT $2[0m  [["id", 3], ["LIMIT", 1]]
  ↳ app/models/attendance.rb:9
  [1m[36mUser Load (0.5ms)[0m  [1m[34mSELECT  "users".* FROM "users" WHERE "users"."id" = $1 LIMIT $2[0m  [["id", 11], ["LIMIT", 1]]
  ↳ app/models/attendance.rb:9
  Rendering events/show.html.erb within layouts/application
  [1m[36mUser Load (0.4ms)[0m  [1m[34mSELECT  "users".* FROM "users" WHERE "users"."id" = $1 LIMIT $2[0m  [["id", 7], ["LIMIT", 1]]
  ↳ app/views/events/show.html.erb:26
  Rendered events/show.html.erb within layouts/application (2.8ms)
Completed 200 OK in 54ms (Views: 41.6ms | ActiveRecord: 2.3ms)


Started DELETE "/events/2/attendances/2" for ::1 at 2020-05-12 23:27:25 +0300
Processing by AttendancesController#destroy as HTML
  Parameters: {"authenticity_token"=>"H5bE0SLI4V4xtQc016zQEyczJsCIWzGZ7q+R7vh4A/rmzGPhhKr/VHnnek4Bx6aNhG6Tb1GeCawQNbs/Z1xnmg==", "event_id"=>"2", "id"=>"2"}
  [1m[36mUser Load (0.5ms)[0m  [1m[34mSELECT  "users".* FROM "users" WHERE "users"."id" = $1 ORDER BY "users"."id" ASC LIMIT $2[0m  [["id", 11], ["LIMIT", 1]]
  ↳ app/controllers/application_controller.rb:19
  [1m[36mAttendance Load (1.3ms)[0m  [1m[34mSELECT  "attendances".* FROM "attendances" WHERE "attendances"."user_id" = $1 AND "attendances"."event_id" = $2 ORDER BY "attendances"."id" ASC LIMIT $3[0m  [["user_id", 11], ["event_id", 2], ["LIMIT", 1]]
  ↳ app/controllers/attendances_controller.rb:39
  [1m[35m (0.4ms)[0m  [1m[35mBEGIN[0m
  ↳ app/controllers/attendances_controller.rb:31
  [1m[36mAttendance Destroy (4.4ms)[0m  [1m[31mDELETE FROM "attendances" WHERE "attendances"."id" = $1[0m  [["id", 11]]
  ↳ app/controllers/attendances_controller.rb:31
  [1m[35m (2.7ms)[0m  [1m[35mCOMMIT[0m
  ↳ app/controllers/attendances_controller.rb:31
Redirected to http://localhost:3000/events
Completed 302 Found in 22ms (ActiveRecord: 9.2ms)


Started GET "/events" for ::1 at 2020-05-12 23:27:25 +0300
Processing by EventsController#index as HTML
  [1m[36mUser Load (0.2ms)[0m  [1m[34mSELECT  "users".* FROM "users" WHERE "users"."id" = $1 ORDER BY "users"."id" ASC LIMIT $2[0m  [["id", 11], ["LIMIT", 1]]
  ↳ app/controllers/application_controller.rb:19
  Rendering events/index.html.erb within layouts/application
  [1m[36mEvent Load (0.3ms)[0m  [1m[34mSELECT "events".* FROM "events"[0m
  ↳ app/views/events/index.html.erb:41
  Rendered events/index.html.erb within layouts/application (2.5ms)
Completed 200 OK in 36ms (Views: 29.9ms | ActiveRecord: 0.5ms)


Started GET "/users/11" for ::1 at 2020-05-12 23:27:31 +0300
Processing by UsersController#show as HTML
  Parameters: {"id"=>"11"}
  [1m[36mUser Load (0.5ms)[0m  [1m[34mSELECT  "users".* FROM "users" WHERE "users"."id" = $1 LIMIT $2[0m  [["id", 11], ["LIMIT", 1]]
  ↳ app/controllers/users_controller.rb:40
  [1m[36mUser Load (7.5ms)[0m  [1m[34mSELECT  "users".* FROM "users" WHERE "users"."id" = $1 ORDER BY "users"."id" ASC LIMIT $2[0m  [["id", 11], ["LIMIT", 1]]
  ↳ app/controllers/application_controller.rb:19
  [1m[36mCACHE User Load (0.0ms)[0m  [1m[34mSELECT  "users".* FROM "users" WHERE "users"."id" = $1 LIMIT $2[0m  [["id", 11], ["LIMIT", 1]]
  ↳ app/controllers/users_controller.rb:50
  Rendering users/show.html.erb within layouts/application
  [1m[36mEvent Load (0.3ms)[0m  [1m[34mSELECT "events".* FROM "events" WHERE "events"."admin_id" = $1[0m  [["admin_id", 11]]
  ↳ app/views/users/show.html.erb:28
  Rendered users/show.html.erb within layouts/application (2.7ms)
Completed 200 OK in 54ms (Views: 30.2ms | ActiveRecord: 8.4ms)


Started GET "/events/new" for ::1 at 2020-05-12 23:27:51 +0300
Processing by EventsController#new as HTML
  [1m[36mUser Load (0.4ms)[0m  [1m[34mSELECT  "users".* FROM "users" WHERE "users"."id" = $1 ORDER BY "users"."id" ASC LIMIT $2[0m  [["id", 11], ["LIMIT", 1]]
  ↳ app/controllers/application_controller.rb:19
  Rendering events/new.html.erb within layouts/application
  Rendered events/new.html.erb within layouts/application (45.8ms)
Completed 200 OK in 96ms (Views: 84.1ms | ActiveRecord: 0.4ms)


Started POST "/events" for ::1 at 2020-05-12 23:28:35 +0300
Processing by EventsController#create as HTML
  Parameters: {"utf8"=>"✓", "authenticity_token"=>"O5OpGQOMjwOrZPSOYEIjoUmA/r5+/VWnp7TUSoSdX5cpk2snrxyvOj/ESm8trpitEKl5adDuJ1+U7nKoJrDXMQ==", "event"=>{"title"=>"Essai", "description"=>"Essai", "location"=>"70 A Ankadivato", "price"=>"35", "start_date"=>"2020-05-17T14:30", "duration"=>"45"}, "commit"=>"Creer un nouvel evenement"}
  [1m[36mUser Load (0.3ms)[0m  [1m[34mSELECT  "users".* FROM "users" WHERE "users"."id" = $1 ORDER BY "users"."id" ASC LIMIT $2[0m  [["id", 11], ["LIMIT", 1]]
  ↳ app/controllers/application_controller.rb:19
  [1m[35m (0.2ms)[0m  [1m[35mBEGIN[0m
  ↳ app/controllers/events_controller.rb:24
  [1m[35m (0.3ms)[0m  [1m[31mROLLBACK[0m
  ↳ app/controllers/events_controller.rb:24
  Rendering events/new.html.erb within layouts/application
  Rendered events/new.html.erb within layouts/application (7.8ms)
Completed 200 OK in 120ms (Views: 108.2ms | ActiveRecord: 0.7ms)


Started POST "/events" for ::1 at 2020-05-12 23:28:59 +0300
Processing by EventsController#create as HTML
  Parameters: {"utf8"=>"✓", "authenticity_token"=>"LRPYuBVy8lxYQg/JSO+FpjxRxulgLrtZqaqiw6gwz1nUSX+IsxDsVhAQcrOehPM4nwxzRrnrg2xXMIgSNxSrOQ==", "event"=>{"title"=>"Essai", "description"=>"Essai de m jason x sur les problemes de l'Etat", "location"=>"70 A Ankadivato", "price"=>"35", "start_date"=>"2020-05-17T14:30:00", "duration"=>"45"}, "commit"=>"Creer un nouvel evenement"}
  [1m[36mUser Load (4.2ms)[0m  [1m[34mSELECT  "users".* FROM "users" WHERE "users"."id" = $1 ORDER BY "users"."id" ASC LIMIT $2[0m  [["id", 11], ["LIMIT", 1]]
  ↳ app/controllers/application_controller.rb:19
  [1m[35m (1.0ms)[0m  [1m[35mBEGIN[0m
  ↳ app/controllers/events_controller.rb:24
  [1m[36mEvent Create (2.1ms)[0m  [1m[32mINSERT INTO "events" ("start_date", "duration", "title", "description", "price", "location", "admin_id", "created_at", "updated_at") VALUES ($1, $2, $3, $4, $5, $6, $7, $8, $9) RETURNING "id"[0m  [["start_date", "2020-05-17 14:30:00"], ["duration", 45], ["title", "Essai"], ["description", "Essai de m jason x sur les problemes de l'Etat"], ["price", 35], ["location", "70 A Ankadivato"], ["admin_id", 11], ["created_at", "2020-05-12 20:28:59.815943"], ["updated_at", "2020-05-12 20:28:59.815943"]]
  ↳ app/controllers/events_controller.rb:24
  [1m[35m (43.9ms)[0m  [1m[35mCOMMIT[0m
  ↳ app/controllers/events_controller.rb:24
Redirected to http://localhost:3000/events/11
Completed 302 Found in 61ms (ActiveRecord: 51.2ms)


Started GET "/events/11" for ::1 at 2020-05-12 23:28:59 +0300
Processing by EventsController#show as HTML
  Parameters: {"id"=>"11"}
  [1m[36mEvent Load (0.4ms)[0m  [1m[34mSELECT  "events".* FROM "events" WHERE "events"."id" = $1 LIMIT $2[0m  [["id", 11], ["LIMIT", 1]]
  ↳ app/controllers/events_controller.rb:49
  [1m[36mUser Load (0.2ms)[0m  [1m[34mSELECT  "users".* FROM "users" WHERE "users"."id" = $1 ORDER BY "users"."id" ASC LIMIT $2[0m  [["id", 11], ["LIMIT", 1]]
  ↳ app/controllers/application_controller.rb:19
  [1m[36mAttendance Load (0.3ms)[0m  [1m[34mSELECT "attendances".* FROM "attendances" WHERE "attendances"."event_id" = $1[0m  [["event_id", 11]]
  ↳ app/models/attendance.rb:8
  Rendering events/show.html.erb within layouts/application
  [1m[36mUser Load (0.3ms)[0m  [1m[34mSELECT  "users".* FROM "users" WHERE "users"."id" = $1 LIMIT $2[0m  [["id", 11], ["LIMIT", 1]]
  ↳ app/views/events/show.html.erb:26
  Rendered events/show.html.erb within layouts/application (2.9ms)
Completed 200 OK in 114ms (Views: 105.5ms | ActiveRecord: 1.2ms)


Started GET "/users/11" for ::1 at 2020-05-12 23:29:09 +0300
Processing by UsersController#show as HTML
  Parameters: {"id"=>"11"}
  [1m[36mUser Load (0.4ms)[0m  [1m[34mSELECT  "users".* FROM "users" WHERE "users"."id" = $1 LIMIT $2[0m  [["id", 11], ["LIMIT", 1]]
  ↳ app/controllers/users_controller.rb:40
  [1m[36mUser Load (0.4ms)[0m  [1m[34mSELECT  "users".* FROM "users" WHERE "users"."id" = $1 ORDER BY "users"."id" ASC LIMIT $2[0m  [["id", 11], ["LIMIT", 1]]
  ↳ app/controllers/application_controller.rb:19
  [1m[36mCACHE User Load (0.0ms)[0m  [1m[34mSELECT  "users".* FROM "users" WHERE "users"."id" = $1 LIMIT $2[0m  [["id", 11], ["LIMIT", 1]]
  ↳ app/controllers/users_controller.rb:50
  Rendering users/show.html.erb within layouts/application
  [1m[36mEvent Load (1.2ms)[0m  [1m[34mSELECT "events".* FROM "events" WHERE "events"."admin_id" = $1[0m  [["admin_id", 11]]
  ↳ app/views/users/show.html.erb:28
  [1m[36mUser Load (0.4ms)[0m  [1m[34mSELECT  "users".* FROM "users" WHERE "users"."id" = $1 LIMIT $2[0m  [["id", 11], ["LIMIT", 1]]
  ↳ app/views/users/show.html.erb:32
  Rendered users/show.html.erb within layouts/application (9.3ms)
Completed 200 OK in 124ms (Views: 112.1ms | ActiveRecord: 2.5ms)


Started GET "/events" for ::1 at 2020-05-12 23:29:14 +0300
Processing by EventsController#index as HTML
  [1m[36mUser Load (1.8ms)[0m  [1m[34mSELECT  "users".* FROM "users" WHERE "users"."id" = $1 ORDER BY "users"."id" ASC LIMIT $2[0m  [["id", 11], ["LIMIT", 1]]
  ↳ app/controllers/application_controller.rb:19
  Rendering events/index.html.erb within layouts/application
  [1m[36mEvent Load (0.5ms)[0m  [1m[34mSELECT "events".* FROM "events"[0m
  ↳ app/views/events/index.html.erb:41
  Rendered events/index.html.erb within layouts/application (5.1ms)
Completed 200 OK in 108ms (Views: 92.3ms | ActiveRecord: 2.3ms)


Started GET "/events" for ::1 at 2020-05-12 23:29:24 +0300
Processing by EventsController#index as HTML
  [1m[36mUser Load (1.7ms)[0m  [1m[34mSELECT  "users".* FROM "users" WHERE "users"."id" = $1 ORDER BY "users"."id" ASC LIMIT $2[0m  [["id", 11], ["LIMIT", 1]]
  ↳ app/controllers/application_controller.rb:19
  Rendering events/index.html.erb within layouts/application
  [1m[36mEvent Load (0.5ms)[0m  [1m[34mSELECT "events".* FROM "events"[0m
  ↳ app/views/events/index.html.erb:41
  Rendered events/index.html.erb within layouts/application (3.6ms)
Completed 200 OK in 89ms (Views: 79.4ms | ActiveRecord: 2.2ms)


Started GET "/events" for ::1 at 2020-05-12 23:29:27 +0300
Processing by EventsController#index as HTML
  [1m[36mUser Load (1.0ms)[0m  [1m[34mSELECT  "users".* FROM "users" WHERE "users"."id" = $1 ORDER BY "users"."id" ASC LIMIT $2[0m  [["id", 11], ["LIMIT", 1]]
  ↳ app/controllers/application_controller.rb:19
  Rendering events/index.html.erb within layouts/application
  [1m[36mEvent Load (0.7ms)[0m  [1m[34mSELECT "events".* FROM "events"[0m
  ↳ app/views/events/index.html.erb:41
  Rendered events/index.html.erb within layouts/application (31.1ms)
Completed 200 OK in 99ms (Views: 89.2ms | ActiveRecord: 1.7ms)


Started GET "/events" for ::1 at 2020-05-12 23:29:28 +0300
Processing by EventsController#index as HTML
  [1m[36mUser Load (9.5ms)[0m  [1m[34mSELECT  "users".* FROM "users" WHERE "users"."id" = $1 ORDER BY "users"."id" ASC LIMIT $2[0m  [["id", 11], ["LIMIT", 1]]
  ↳ app/controllers/application_controller.rb:19
  Rendering events/index.html.erb within layouts/application
  [1m[36mEvent Load (0.5ms)[0m  [1m[34mSELECT "events".* FROM "events"[0m
  ↳ app/views/events/index.html.erb:41
  Rendered events/index.html.erb within layouts/application (5.3ms)
Completed 200 OK in 64ms (Views: 44.4ms | ActiveRecord: 10.0ms)


Started GET "/events" for ::1 at 2020-05-12 23:29:29 +0300
Processing by EventsController#index as HTML
  [1m[36mUser Load (8.6ms)[0m  [1m[34mSELECT  "users".* FROM "users" WHERE "users"."id" = $1 ORDER BY "users"."id" ASC LIMIT $2[0m  [["id", 11], ["LIMIT", 1]]
  ↳ app/controllers/application_controller.rb:19
  Rendering events/index.html.erb within layouts/application
  [1m[36mEvent Load (0.5ms)[0m  [1m[34mSELECT "events".* FROM "events"[0m
  ↳ app/views/events/index.html.erb:41
  Rendered events/index.html.erb within layouts/application (6.3ms)
Completed 200 OK in 68ms (Views: 49.8ms | ActiveRecord: 9.2ms)


Started GET "/events/new" for ::1 at 2020-05-12 23:29:29 +0300
Processing by EventsController#new as HTML
  [1m[36mUser Load (0.5ms)[0m  [1m[34mSELECT  "users".* FROM "users" WHERE "users"."id" = $1 ORDER BY "users"."id" ASC LIMIT $2[0m  [["id", 11], ["LIMIT", 1]]
  ↳ app/controllers/application_controller.rb:19
  Rendering events/new.html.erb within layouts/application
  Rendered events/new.html.erb within layouts/application (2.5ms)
Completed 200 OK in 51ms (Views: 40.7ms | ActiveRecord: 0.5ms)


Started GET "/events" for ::1 at 2020-05-12 23:29:32 +0300
Processing by EventsController#index as HTML
  [1m[36mUser Load (0.9ms)[0m  [1m[34mSELECT  "users".* FROM "users" WHERE "users"."id" = $1 ORDER BY "users"."id" ASC LIMIT $2[0m  [["id", 11], ["LIMIT", 1]]
  ↳ app/controllers/application_controller.rb:19
  Rendering events/index.html.erb within layouts/application
  [1m[36mEvent Load (0.4ms)[0m  [1m[34mSELECT "events".* FROM "events"[0m
  ↳ app/views/events/index.html.erb:41
  Rendered events/index.html.erb within layouts/application (2.8ms)
Completed 200 OK in 83ms (Views: 50.0ms | ActiveRecord: 1.3ms)


Started DELETE "/users/sign_out" for ::1 at 2020-05-12 23:29:34 +0300
Processing by Devise::SessionsController#destroy as HTML
  Parameters: {"authenticity_token"=>"9RrXeTPY8k7Ktr8BftQdOjBsQi2w4AVddfUlghSFSXYMQHBJlbrsRILkwnuov2ukkzH3gmklPWiLbw9Ti6EtFg=="}
  [1m[36mUser Load (0.3ms)[0m  [1m[34mSELECT  "users".* FROM "users" WHERE "users"."id" = $1 ORDER BY "users"."id" ASC LIMIT $2[0m  [["id", 11], ["LIMIT", 1]]
  ↳ /Users/ANDRIA/.rvm/gems/ruby-2.5.1/gems/activerecord-5.2.3/lib/active_record/log_subscriber.rb:98
  [1m[35m (0.2ms)[0m  [1m[35mBEGIN[0m
  ↳ /Users/ANDRIA/.rvm/gems/ruby-2.5.1/gems/activerecord-5.2.3/lib/active_record/log_subscriber.rb:98
  [1m[35m (0.2ms)[0m  [1m[35mCOMMIT[0m
  ↳ /Users/ANDRIA/.rvm/gems/ruby-2.5.1/gems/activerecord-5.2.3/lib/active_record/log_subscriber.rb:98
Redirected to http://localhost:3000/users/sign_in
Completed 302 Found in 38ms (ActiveRecord: 0.7ms)


Started GET "/users/sign_in" for ::1 at 2020-05-12 23:29:34 +0300
Processing by Devise::SessionsController#new as HTML
  Rendering devise/sessions/new.html.erb within layouts/application
DEPRECATION WARNING: [Devise] `DeviseHelper.devise_error_messages!`
is deprecated and it will be removed in the next major version.
To customize the errors styles please run `rails g devise:views` and modify the
`devise/shared/error_messages` partial.
 (called from block in _app_views_devise_sessions_new_html_erb___411935746625353160_70252729142340 at /Users/ANDRIA/Documents/THP/semaine_6/event_brite/app/views/devise/sessions/new.html.erb:9)
  Rendered devise/shared/_links.html.erb (1.8ms)
  Rendered devise/sessions/new.html.erb within layouts/application (34.0ms)
Completed 200 OK in 87ms (Views: 83.1ms | ActiveRecord: 0.0ms)


Started GET "/events" for ::1 at 2020-05-12 23:29:40 +0300
Processing by EventsController#index as HTML
Redirected to http://localhost:3000/users/sign_in
Filter chain halted as :authenticate_user rendered or redirected
Completed 302 Found in 2ms (ActiveRecord: 0.0ms)


Started GET "/users/sign_in" for ::1 at 2020-05-12 23:29:40 +0300
Processing by Devise::SessionsController#new as HTML
  Rendering devise/sessions/new.html.erb within layouts/application
DEPRECATION WARNING: [Devise] `DeviseHelper.devise_error_messages!`
is deprecated and it will be removed in the next major version.
To customize the errors styles please run `rails g devise:views` and modify the
`devise/shared/error_messages` partial.
 (called from block in _app_views_devise_sessions_new_html_erb___411935746625353160_70252740067140 at /Users/ANDRIA/Documents/THP/semaine_6/event_brite/app/views/devise/sessions/new.html.erb:9)
  Rendered devise/shared/_links.html.erb (1.5ms)
  Rendered devise/sessions/new.html.erb within layouts/application (8.1ms)
Completed 200 OK in 48ms (Views: 44.9ms | ActiveRecord: 0.0ms)


Started GET "/events" for ::1 at 2020-05-12 23:29:43 +0300
Processing by EventsController#index as HTML
Redirected to http://localhost:3000/users/sign_in
Filter chain halted as :authenticate_user rendered or redirected
Completed 302 Found in 3ms (ActiveRecord: 0.0ms)


Started GET "/users/sign_in" for ::1 at 2020-05-12 23:29:43 +0300
Processing by Devise::SessionsController#new as HTML
  Rendering devise/sessions/new.html.erb within layouts/application
DEPRECATION WARNING: [Devise] `DeviseHelper.devise_error_messages!`
is deprecated and it will be removed in the next major version.
To customize the errors styles please run `rails g devise:views` and modify the
`devise/shared/error_messages` partial.
 (called from block in _app_views_devise_sessions_new_html_erb___411935746625353160_70252739144380 at /Users/ANDRIA/Documents/THP/semaine_6/event_brite/app/views/devise/sessions/new.html.erb:9)
  Rendered devise/shared/_links.html.erb (1.2ms)
  Rendered devise/sessions/new.html.erb within layouts/application (11.0ms)
Completed 200 OK in 53ms (Views: 49.6ms | ActiveRecord: 0.0ms)


Started GET "/events/new" for ::1 at 2020-05-12 23:29:47 +0300
Processing by EventsController#new as HTML
Redirected to http://localhost:3000/users/sign_in
Filter chain halted as :authenticate_user rendered or redirected
Completed 302 Found in 2ms (ActiveRecord: 0.0ms)


Started GET "/users/sign_in" for ::1 at 2020-05-12 23:29:47 +0300
Processing by Devise::SessionsController#new as HTML
  Rendering devise/sessions/new.html.erb within layouts/application
DEPRECATION WARNING: [Devise] `DeviseHelper.devise_error_messages!`
is deprecated and it will be removed in the next major version.
To customize the errors styles please run `rails g devise:views` and modify the
`devise/shared/error_messages` partial.
 (called from block in _app_views_devise_sessions_new_html_erb___411935746625353160_70252726912800 at /Users/ANDRIA/Documents/THP/semaine_6/event_brite/app/views/devise/sessions/new.html.erb:9)
  Rendered devise/shared/_links.html.erb (1.2ms)
  Rendered devise/sessions/new.html.erb within layouts/application (6.6ms)
Completed 200 OK in 43ms (Views: 41.1ms | ActiveRecord: 0.0ms)


Started GET "/events/new" for ::1 at 2020-05-12 23:29:49 +0300
Processing by EventsController#new as HTML
Redirected to http://localhost:3000/users/sign_in
Filter chain halted as :authenticate_user rendered or redirected
Completed 302 Found in 3ms (ActiveRecord: 0.0ms)


Started GET "/users/sign_in" for ::1 at 2020-05-12 23:29:49 +0300
Processing by Devise::SessionsController#new as HTML
  Rendering devise/sessions/new.html.erb within layouts/application
DEPRECATION WARNING: [Devise] `DeviseHelper.devise_error_messages!`
is deprecated and it will be removed in the next major version.
To customize the errors styles please run `rails g devise:views` and modify the
`devise/shared/error_messages` partial.
 (called from block in _app_views_devise_sessions_new_html_erb___411935746625353160_70252720048700 at /Users/ANDRIA/Documents/THP/semaine_6/event_brite/app/views/devise/sessions/new.html.erb:9)
  Rendered devise/shared/_links.html.erb (1.0ms)
  Rendered devise/sessions/new.html.erb within layouts/application (6.3ms)
Completed 200 OK in 42ms (Views: 40.2ms | ActiveRecord: 0.0ms)


Started GET "/" for ::1 at 2020-05-12 23:29:54 +0300
Processing by Devise::SessionsController#new as HTML
  Rendering devise/sessions/new.html.erb within layouts/application
DEPRECATION WARNING: [Devise] `DeviseHelper.devise_error_messages!`
is deprecated and it will be removed in the next major version.
To customize the errors styles please run `rails g devise:views` and modify the
`devise/shared/error_messages` partial.
 (called from block in _app_views_devise_sessions_new_html_erb___411935746625353160_70252672194740 at /Users/ANDRIA/Documents/THP/semaine_6/event_brite/app/views/devise/sessions/new.html.erb:9)
  Rendered devise/shared/_links.html.erb (2.6ms)
  Rendered devise/sessions/new.html.erb within layouts/application (11.5ms)
Completed 200 OK in 161ms (Views: 153.9ms | ActiveRecord: 0.0ms)


